2017-01-29 20:36:28,480 [Worker-0] INFO  o.e.m.c.i.p.ProjectConfigurationManager - Collecting project info '/pom.xml' C:\Users\pc\rt\Selenium\test\pom.xml
2017-01-29 20:36:29,613 [Worker-0] INFO  o.e.m.c.i.l.LifecycleMappingFactory - Using org.eclipse.m2e.jdt.JarLifecycleMapping lifecycle mapping for MavenProject: test:test:0.0.1-SNAPSHOT @ C:\Users\pc\rt\Selenium\test\pom.xml.
2017-01-29 20:36:30,368 [Worker-0] INFO  o.e.m.j.i.AbstractJavaProjectConfigurator - Adding source folder /test/src/main/java
2017-01-29 20:36:30,376 [Worker-0] INFO  o.e.m.j.i.AbstractJavaProjectConfigurator - Adding source folder /test/src/test/java
2017-01-29 20:36:31,169 [Worker-0] INFO  o.e.m.c.i.p.ProjectConfigurationManager - Imported and configured 1 project(s) in 2 sec
2017-01-29 20:36:32,177 [Worker-13] INFO  o.e.m.c.i.embedder.EclipseLogger - Using 'UTF-8' encoding to copy filtered resources.
2017-01-29 20:36:32,177 [Worker-13] INFO  o.e.m.c.i.embedder.EclipseLogger - skip non existing resourceDirectory C:\Users\pc\rt\Selenium\test\src\main\resources
2017-01-29 20:36:32,179 [Worker-13] INFO  o.e.m.c.i.embedder.EclipseLogger - Using 'UTF-8' encoding to copy filtered resources.
2017-01-29 20:36:32,180 [Worker-13] INFO  o.e.m.c.i.embedder.EclipseLogger - skip non existing resourceDirectory C:\Users\pc\rt\Selenium\test\src\test\resources
2017-01-29 20:37:06,524 [Worker-7] INFO  o.e.m.c.i.l.LifecycleMappingFactory - Using org.eclipse.m2e.jdt.JarLifecycleMapping lifecycle mapping for MavenProject: test:test:0.0.1-SNAPSHOT @ C:\Users\pc\rt\Selenium\test\pom.xml.
2017-01-29 20:37:07,194 [Worker-7] INFO  o.e.m.c.i.e.AbstractTransferListenerAdapter - Downloading https://repo.maven.apache.org/maven2/org/seleniumhq/selenium/selenium-java/2.53.0/selenium-java-2.53.0.pom
2017-01-29 20:37:07,281 [Worker-7] INFO  o.e.m.c.i.e.AbstractTransferListenerAdapter - Downloaded https://repo.maven.apache.org/maven2/org/seleniumhq/selenium/selenium-java/2.53.0/selenium-java-2.53.0.pom
2017-01-29 20:37:07,329 [Worker-7] INFO  o.e.m.c.i.e.AbstractTransferListenerAdapter - Downloading https://repo.maven.apache.org/maven2/org/seleniumhq/selenium/selenium-parent/2.53.0/selenium-parent-2.53.0.pom
2017-01-29 20:37:07,390 [Worker-7] INFO  o.e.m.c.i.e.AbstractTransferListenerAdapter - Downloaded https://repo.maven.apache.org/maven2/org/seleniumhq/selenium/selenium-parent/2.53.0/selenium-parent-2.53.0.pom
2017-01-29 20:37:07,440 [Worker-7] INFO  o.e.m.c.i.e.AbstractTransferListenerAdapter - Downloading https://repo.maven.apache.org/maven2/org/seleniumhq/selenium/selenium-chrome-driver/2.53.0/selenium-chrome-driver-2.53.0.pom
2017-01-29 20:37:07,490 [Worker-7] INFO  o.e.m.c.i.e.AbstractTransferListenerAdapter - Downloaded https://repo.maven.apache.org/maven2/org/seleniumhq/selenium/selenium-chrome-driver/2.53.0/selenium-chrome-driver-2.53.0.pom
2017-01-29 20:37:07,548 [Worker-7] INFO  o.e.m.c.i.e.AbstractTransferListenerAdapter - Downloading https://repo.maven.apache.org/maven2/org/seleniumhq/selenium/selenium-remote-driver/2.53.0/selenium-remote-driver-2.53.0.pom
2017-01-29 20:37:07,598 [Worker-7] INFO  o.e.m.c.i.e.AbstractTransferListenerAdapter - Downloaded https://repo.maven.apache.org/maven2/org/seleniumhq/selenium/selenium-remote-driver/2.53.0/selenium-remote-driver-2.53.0.pom
2017-01-29 20:37:07,668 [Worker-7] INFO  o.e.m.c.i.e.AbstractTransferListenerAdapter - Downloading https://repo.maven.apache.org/maven2/cglib/cglib-nodep/2.1_3/cglib-nodep-2.1_3.pom
2017-01-29 20:37:07,715 [Worker-7] INFO  o.e.m.c.i.e.AbstractTransferListenerAdapter - Downloaded https://repo.maven.apache.org/maven2/cglib/cglib-nodep/2.1_3/cglib-nodep-2.1_3.pom
2017-01-29 20:37:07,769 [Worker-7] INFO  o.e.m.c.i.e.AbstractTransferListenerAdapter - Downloading https://repo.maven.apache.org/maven2/com/google/code/gson/gson/2.3.1/gson-2.3.1.pom
2017-01-29 20:37:07,815 [Worker-7] INFO  o.e.m.c.i.e.AbstractTransferListenerAdapter - Downloaded https://repo.maven.apache.org/maven2/com/google/code/gson/gson/2.3.1/gson-2.3.1.pom
2017-01-29 20:37:07,867 [Worker-7] INFO  o.e.m.c.i.e.AbstractTransferListenerAdapter - Downloading https://repo.maven.apache.org/maven2/org/seleniumhq/selenium/selenium-api/2.53.0/selenium-api-2.53.0.pom
2017-01-29 20:37:07,916 [Worker-7] INFO  o.e.m.c.i.e.AbstractTransferListenerAdapter - Downloaded https://repo.maven.apache.org/maven2/org/seleniumhq/selenium/selenium-api/2.53.0/selenium-api-2.53.0.pom
2017-01-29 20:37:07,982 [Worker-7] INFO  o.e.m.c.i.e.AbstractTransferListenerAdapter - Downloading https://repo.maven.apache.org/maven2/com/google/guava/guava/19.0/guava-19.0.pom
2017-01-29 20:37:08,039 [Worker-7] INFO  o.e.m.c.i.e.AbstractTransferListenerAdapter - Downloaded https://repo.maven.apache.org/maven2/com/google/guava/guava/19.0/guava-19.0.pom
2017-01-29 20:37:08,102 [Worker-7] INFO  o.e.m.c.i.e.AbstractTransferListenerAdapter - Downloading https://repo.maven.apache.org/maven2/com/google/guava/guava-parent/19.0/guava-parent-19.0.pom
2017-01-29 20:37:08,163 [Worker-7] INFO  o.e.m.c.i.e.AbstractTransferListenerAdapter - Downloaded https://repo.maven.apache.org/maven2/com/google/guava/guava-parent/19.0/guava-parent-19.0.pom
2017-01-29 20:37:08,233 [Worker-7] INFO  o.e.m.c.i.e.AbstractTransferListenerAdapter - Downloading https://repo.maven.apache.org/maven2/org/apache/httpcomponents/httpclient/4.5.1/httpclient-4.5.1.pom
2017-01-29 20:37:08,287 [Worker-7] INFO  o.e.m.c.i.e.AbstractTransferListenerAdapter - Downloaded https://repo.maven.apache.org/maven2/org/apache/httpcomponents/httpclient/4.5.1/httpclient-4.5.1.pom
2017-01-29 20:37:08,345 [Worker-7] INFO  o.e.m.c.i.e.AbstractTransferListenerAdapter - Downloading https://repo.maven.apache.org/maven2/org/apache/httpcomponents/httpcomponents-client/4.5.1/httpcomponents-client-4.5.1.pom
2017-01-29 20:37:08,413 [Worker-7] INFO  o.e.m.c.i.e.AbstractTransferListenerAdapter - Downloaded https://repo.maven.apache.org/maven2/org/apache/httpcomponents/httpcomponents-client/4.5.1/httpcomponents-client-4.5.1.pom
2017-01-29 20:37:08,457 [Worker-7] INFO  o.e.m.c.i.e.AbstractTransferListenerAdapter - Downloading https://repo.maven.apache.org/maven2/org/apache/httpcomponents/project/7/project-7.pom
2017-01-29 20:37:08,553 [Worker-7] INFO  o.e.m.c.i.e.AbstractTransferListenerAdapter - Downloaded https://repo.maven.apache.org/maven2/org/apache/httpcomponents/project/7/project-7.pom
2017-01-29 20:37:08,608 [Worker-7] INFO  o.e.m.c.i.e.AbstractTransferListenerAdapter - Downloading https://repo.maven.apache.org/maven2/org/apache/httpcomponents/httpcore/4.4.3/httpcore-4.4.3.pom
2017-01-29 20:37:08,660 [Worker-7] INFO  o.e.m.c.i.e.AbstractTransferListenerAdapter - Downloaded https://repo.maven.apache.org/maven2/org/apache/httpcomponents/httpcore/4.4.3/httpcore-4.4.3.pom
2017-01-29 20:37:08,710 [Worker-7] INFO  o.e.m.c.i.e.AbstractTransferListenerAdapter - Downloading https://repo.maven.apache.org/maven2/org/apache/httpcomponents/httpcomponents-core/4.4.3/httpcomponents-core-4.4.3.pom
2017-01-29 20:37:08,775 [Worker-7] INFO  o.e.m.c.i.e.AbstractTransferListenerAdapter - Downloaded https://repo.maven.apache.org/maven2/org/apache/httpcomponents/httpcomponents-core/4.4.3/httpcomponents-core-4.4.3.pom
2017-01-29 20:37:08,839 [Worker-7] INFO  o.e.m.c.i.e.AbstractTransferListenerAdapter - Downloading https://repo.maven.apache.org/maven2/commons-codec/commons-codec/1.9/commons-codec-1.9.pom
2017-01-29 20:37:08,901 [Worker-7] INFO  o.e.m.c.i.e.AbstractTransferListenerAdapter - Downloaded https://repo.maven.apache.org/maven2/commons-codec/commons-codec/1.9/commons-codec-1.9.pom
2017-01-29 20:37:08,951 [Worker-7] INFO  o.e.m.c.i.e.AbstractTransferListenerAdapter - Downloading https://repo.maven.apache.org/maven2/org/apache/commons/commons-parent/32/commons-parent-32.pom
2017-01-29 20:37:09,088 [Worker-7] INFO  o.e.m.c.i.e.AbstractTransferListenerAdapter - Downloaded https://repo.maven.apache.org/maven2/org/apache/commons/commons-parent/32/commons-parent-32.pom
2017-01-29 20:37:09,149 [Worker-7] INFO  o.e.m.c.i.e.AbstractTransferListenerAdapter - Downloading https://repo.maven.apache.org/maven2/org/apache/commons/commons-exec/1.3/commons-exec-1.3.pom
2017-01-29 20:37:09,194 [Worker-7] INFO  o.e.m.c.i.e.AbstractTransferListenerAdapter - Downloaded https://repo.maven.apache.org/maven2/org/apache/commons/commons-exec/1.3/commons-exec-1.3.pom
2017-01-29 20:37:09,272 [Worker-7] INFO  o.e.m.c.i.e.AbstractTransferListenerAdapter - Downloading https://repo.maven.apache.org/maven2/org/apache/commons/commons-parent/35/commons-parent-35.pom
2017-01-29 20:37:09,394 [Worker-7] INFO  o.e.m.c.i.e.AbstractTransferListenerAdapter - Downloaded https://repo.maven.apache.org/maven2/org/apache/commons/commons-parent/35/commons-parent-35.pom
2017-01-29 20:37:09,467 [Worker-7] INFO  o.e.m.c.i.e.AbstractTransferListenerAdapter - Downloading https://repo.maven.apache.org/maven2/net/java/dev/jna/jna/4.1.0/jna-4.1.0.pom
2017-01-29 20:37:09,511 [Worker-7] INFO  o.e.m.c.i.e.AbstractTransferListenerAdapter - Downloaded https://repo.maven.apache.org/maven2/net/java/dev/jna/jna/4.1.0/jna-4.1.0.pom
2017-01-29 20:37:09,557 [Worker-7] INFO  o.e.m.c.i.e.AbstractTransferListenerAdapter - Downloading https://repo.maven.apache.org/maven2/net/java/dev/jna/jna-platform/4.1.0/jna-platform-4.1.0.pom
2017-01-29 20:37:09,604 [Worker-7] INFO  o.e.m.c.i.e.AbstractTransferListenerAdapter - Downloaded https://repo.maven.apache.org/maven2/net/java/dev/jna/jna-platform/4.1.0/jna-platform-4.1.0.pom
2017-01-29 20:37:09,654 [Worker-7] INFO  o.e.m.c.i.e.AbstractTransferListenerAdapter - Downloading https://repo.maven.apache.org/maven2/org/seleniumhq/selenium/selenium-edge-driver/2.53.0/selenium-edge-driver-2.53.0.pom
2017-01-29 20:37:09,705 [Worker-7] INFO  o.e.m.c.i.e.AbstractTransferListenerAdapter - Downloaded https://repo.maven.apache.org/maven2/org/seleniumhq/selenium/selenium-edge-driver/2.53.0/selenium-edge-driver-2.53.0.pom
2017-01-29 20:37:09,770 [Worker-7] INFO  o.e.m.c.i.e.AbstractTransferListenerAdapter - Downloading https://repo.maven.apache.org/maven2/org/seleniumhq/selenium/selenium-firefox-driver/2.53.0/selenium-firefox-driver-2.53.0.pom
2017-01-29 20:37:09,815 [Worker-7] INFO  o.e.m.c.i.e.AbstractTransferListenerAdapter - Downloaded https://repo.maven.apache.org/maven2/org/seleniumhq/selenium/selenium-firefox-driver/2.53.0/selenium-firefox-driver-2.53.0.pom
2017-01-29 20:37:09,860 [Worker-7] INFO  o.e.m.c.i.e.AbstractTransferListenerAdapter - Downloading https://repo.maven.apache.org/maven2/org/seleniumhq/selenium/selenium-ie-driver/2.53.0/selenium-ie-driver-2.53.0.pom
2017-01-29 20:37:09,905 [Worker-7] INFO  o.e.m.c.i.e.AbstractTransferListenerAdapter - Downloaded https://repo.maven.apache.org/maven2/org/seleniumhq/selenium/selenium-ie-driver/2.53.0/selenium-ie-driver-2.53.0.pom
2017-01-29 20:37:09,951 [Worker-7] INFO  o.e.m.c.i.e.AbstractTransferListenerAdapter - Downloading https://repo.maven.apache.org/maven2/org/seleniumhq/selenium/selenium-safari-driver/2.53.0/selenium-safari-driver-2.53.0.pom
2017-01-29 20:37:09,994 [Worker-7] INFO  o.e.m.c.i.e.AbstractTransferListenerAdapter - Downloaded https://repo.maven.apache.org/maven2/org/seleniumhq/selenium/selenium-safari-driver/2.53.0/selenium-safari-driver-2.53.0.pom
2017-01-29 20:37:10,039 [Worker-7] INFO  o.e.m.c.i.e.AbstractTransferListenerAdapter - Downloading https://repo.maven.apache.org/maven2/io/netty/netty/3.5.7.Final/netty-3.5.7.Final.pom
2017-01-29 20:37:10,126 [Worker-7] INFO  o.e.m.c.i.e.AbstractTransferListenerAdapter - Downloaded https://repo.maven.apache.org/maven2/io/netty/netty/3.5.7.Final/netty-3.5.7.Final.pom
2017-01-29 20:37:10,215 [Worker-7] INFO  o.e.m.c.i.e.AbstractTransferListenerAdapter - Downloading https://repo.maven.apache.org/maven2/org/seleniumhq/selenium/selenium-support/2.53.0/selenium-support-2.53.0.pom
2017-01-29 20:37:10,272 [Worker-7] INFO  o.e.m.c.i.e.AbstractTransferListenerAdapter - Downloaded https://repo.maven.apache.org/maven2/org/seleniumhq/selenium/selenium-support/2.53.0/selenium-support-2.53.0.pom
2017-01-29 20:37:10,319 [Worker-7] INFO  o.e.m.c.i.e.AbstractTransferListenerAdapter - Downloading https://repo.maven.apache.org/maven2/org/seleniumhq/selenium/selenium-leg-rc/2.53.0/selenium-leg-rc-2.53.0.pom
2017-01-29 20:37:10,370 [Worker-7] INFO  o.e.m.c.i.e.AbstractTransferListenerAdapter - Downloaded https://repo.maven.apache.org/maven2/org/seleniumhq/selenium/selenium-leg-rc/2.53.0/selenium-leg-rc-2.53.0.pom
2017-01-29 20:37:10,437 [Worker-7] INFO  o.e.m.c.i.e.AbstractTransferListenerAdapter - Downloading https://repo.maven.apache.org/maven2/org/seleniumhq/selenium/selenium-java/2.53.0/selenium-java-2.53.0.jar
2017-01-29 20:37:10,482 [Worker-7] INFO  o.e.m.c.i.e.AbstractTransferListenerAdapter - Downloaded https://repo.maven.apache.org/maven2/org/seleniumhq/selenium/selenium-java/2.53.0/selenium-java-2.53.0.jar
2017-01-29 20:37:10,521 [Worker-7] INFO  o.e.m.c.i.e.AbstractTransferListenerAdapter - Downloading https://repo.maven.apache.org/maven2/org/seleniumhq/selenium/selenium-chrome-driver/2.53.0/selenium-chrome-driver-2.53.0.jar
2017-01-29 20:37:10,573 [Worker-7] INFO  o.e.m.c.i.e.AbstractTransferListenerAdapter - Downloaded https://repo.maven.apache.org/maven2/org/seleniumhq/selenium/selenium-chrome-driver/2.53.0/selenium-chrome-driver-2.53.0.jar
2017-01-29 20:37:10,615 [Worker-7] INFO  o.e.m.c.i.e.AbstractTransferListenerAdapter - Downloading https://repo.maven.apache.org/maven2/org/seleniumhq/selenium/selenium-remote-driver/2.53.0/selenium-remote-driver-2.53.0.jar
2017-01-29 20:37:10,959 [Worker-7] INFO  o.e.m.c.i.e.AbstractTransferListenerAdapter - Downloaded https://repo.maven.apache.org/maven2/org/seleniumhq/selenium/selenium-remote-driver/2.53.0/selenium-remote-driver-2.53.0.jar
2017-01-29 20:37:11,014 [Worker-7] INFO  o.e.m.c.i.e.AbstractTransferListenerAdapter - Downloading https://repo.maven.apache.org/maven2/cglib/cglib-nodep/2.1_3/cglib-nodep-2.1_3.jar
2017-01-29 20:37:11,657 [Worker-7] INFO  o.e.m.c.i.e.AbstractTransferListenerAdapter - Downloaded https://repo.maven.apache.org/maven2/cglib/cglib-nodep/2.1_3/cglib-nodep-2.1_3.jar
2017-01-29 20:37:11,715 [Worker-7] INFO  o.e.m.c.i.e.AbstractTransferListenerAdapter - Downloading https://repo.maven.apache.org/maven2/com/google/code/gson/gson/2.3.1/gson-2.3.1.jar
2017-01-29 20:37:12,081 [Worker-7] INFO  o.e.m.c.i.e.AbstractTransferListenerAdapter - Downloaded https://repo.maven.apache.org/maven2/com/google/code/gson/gson/2.3.1/gson-2.3.1.jar
2017-01-29 20:37:12,138 [Worker-7] INFO  o.e.m.c.i.e.AbstractTransferListenerAdapter - Downloading https://repo.maven.apache.org/maven2/org/seleniumhq/selenium/selenium-api/2.53.0/selenium-api-2.53.0.jar
2017-01-29 20:37:12,358 [Worker-7] INFO  o.e.m.c.i.e.AbstractTransferListenerAdapter - Downloaded https://repo.maven.apache.org/maven2/org/seleniumhq/selenium/selenium-api/2.53.0/selenium-api-2.53.0.jar
2017-01-29 20:37:12,413 [Worker-7] INFO  o.e.m.c.i.e.AbstractTransferListenerAdapter - Downloading https://repo.maven.apache.org/maven2/org/apache/httpcomponents/httpclient/4.5.1/httpclient-4.5.1.jar
2017-01-29 20:37:13,298 [Worker-7] INFO  o.e.m.c.i.e.AbstractTransferListenerAdapter - Downloaded https://repo.maven.apache.org/maven2/org/apache/httpcomponents/httpclient/4.5.1/httpclient-4.5.1.jar
2017-01-29 20:37:13,357 [Worker-7] INFO  o.e.m.c.i.e.AbstractTransferListenerAdapter - Downloading https://repo.maven.apache.org/maven2/org/apache/httpcomponents/httpcore/4.4.3/httpcore-4.4.3.jar
2017-01-29 20:37:13,772 [Worker-7] INFO  o.e.m.c.i.e.AbstractTransferListenerAdapter - Downloaded https://repo.maven.apache.org/maven2/org/apache/httpcomponents/httpcore/4.4.3/httpcore-4.4.3.jar
2017-01-29 20:37:13,825 [Worker-7] INFO  o.e.m.c.i.e.AbstractTransferListenerAdapter - Downloading https://repo.maven.apache.org/maven2/commons-codec/commons-codec/1.9/commons-codec-1.9.jar
2017-01-29 20:37:14,115 [Worker-7] INFO  o.e.m.c.i.e.AbstractTransferListenerAdapter - Downloaded https://repo.maven.apache.org/maven2/commons-codec/commons-codec/1.9/commons-codec-1.9.jar
2017-01-29 20:37:14,168 [Worker-7] INFO  o.e.m.c.i.e.AbstractTransferListenerAdapter - Downloading https://repo.maven.apache.org/maven2/com/google/guava/guava/19.0/guava-19.0.jar
2017-01-29 20:37:18,431 [Worker-7] INFO  o.e.m.c.i.e.AbstractTransferListenerAdapter - Downloaded https://repo.maven.apache.org/maven2/com/google/guava/guava/19.0/guava-19.0.jar
2017-01-29 20:37:18,478 [Worker-7] INFO  o.e.m.c.i.e.AbstractTransferListenerAdapter - Downloading https://repo.maven.apache.org/maven2/org/seleniumhq/selenium/selenium-edge-driver/2.53.0/selenium-edge-driver-2.53.0.jar
2017-01-29 20:37:18,527 [Worker-7] INFO  o.e.m.c.i.e.AbstractTransferListenerAdapter - Downloaded https://repo.maven.apache.org/maven2/org/seleniumhq/selenium/selenium-edge-driver/2.53.0/selenium-edge-driver-2.53.0.jar
2017-01-29 20:37:18,568 [Worker-7] INFO  o.e.m.c.i.e.AbstractTransferListenerAdapter - Downloading https://repo.maven.apache.org/maven2/org/apache/commons/commons-exec/1.3/commons-exec-1.3.jar
2017-01-29 20:37:18,679 [Worker-7] INFO  o.e.m.c.i.e.AbstractTransferListenerAdapter - Downloaded https://repo.maven.apache.org/maven2/org/apache/commons/commons-exec/1.3/commons-exec-1.3.jar
2017-01-29 20:37:18,738 [Worker-7] INFO  o.e.m.c.i.e.AbstractTransferListenerAdapter - Downloading https://repo.maven.apache.org/maven2/org/seleniumhq/selenium/selenium-firefox-driver/2.53.0/selenium-firefox-driver-2.53.0.jar
2017-01-29 20:37:20,633 [Worker-7] INFO  o.e.m.c.i.e.AbstractTransferListenerAdapter - Downloaded https://repo.maven.apache.org/maven2/org/seleniumhq/selenium/selenium-firefox-driver/2.53.0/selenium-firefox-driver-2.53.0.jar
2017-01-29 20:37:20,707 [Worker-7] INFO  o.e.m.c.i.e.AbstractTransferListenerAdapter - Downloading https://repo.maven.apache.org/maven2/org/seleniumhq/selenium/selenium-ie-driver/2.53.0/selenium-ie-driver-2.53.0.jar
2017-01-29 20:37:20,748 [Worker-7] INFO  o.e.m.c.i.e.AbstractTransferListenerAdapter - Downloaded https://repo.maven.apache.org/maven2/org/seleniumhq/selenium/selenium-ie-driver/2.53.0/selenium-ie-driver-2.53.0.jar
2017-01-29 20:37:20,817 [Worker-7] INFO  o.e.m.c.i.e.AbstractTransferListenerAdapter - Downloading https://repo.maven.apache.org/maven2/net/java/dev/jna/jna/4.1.0/jna-4.1.0.jar
2017-01-29 20:37:23,038 [Worker-7] INFO  o.e.m.c.i.e.AbstractTransferListenerAdapter - Downloaded https://repo.maven.apache.org/maven2/net/java/dev/jna/jna/4.1.0/jna-4.1.0.jar
2017-01-29 20:37:23,105 [Worker-7] INFO  o.e.m.c.i.e.AbstractTransferListenerAdapter - Downloading https://repo.maven.apache.org/maven2/net/java/dev/jna/jna-platform/4.1.0/jna-platform-4.1.0.jar
2017-01-29 20:37:26,285 [Worker-7] INFO  o.e.m.c.i.e.AbstractTransferListenerAdapter - Downloaded https://repo.maven.apache.org/maven2/net/java/dev/jna/jna-platform/4.1.0/jna-platform-4.1.0.jar
2017-01-29 20:37:26,361 [Worker-7] INFO  o.e.m.c.i.e.AbstractTransferListenerAdapter - Downloading https://repo.maven.apache.org/maven2/org/seleniumhq/selenium/selenium-safari-driver/2.53.0/selenium-safari-driver-2.53.0.jar
2017-01-29 20:37:26,591 [Worker-7] INFO  o.e.m.c.i.e.AbstractTransferListenerAdapter - Downloaded https://repo.maven.apache.org/maven2/org/seleniumhq/selenium/selenium-safari-driver/2.53.0/selenium-safari-driver-2.53.0.jar
2017-01-29 20:37:26,661 [Worker-7] INFO  o.e.m.c.i.e.AbstractTransferListenerAdapter - Downloading https://repo.maven.apache.org/maven2/io/netty/netty/3.5.7.Final/netty-3.5.7.Final.jar
2017-01-29 20:37:30,983 [Worker-7] INFO  o.e.m.c.i.e.AbstractTransferListenerAdapter - Downloaded https://repo.maven.apache.org/maven2/io/netty/netty/3.5.7.Final/netty-3.5.7.Final.jar
2017-01-29 20:37:31,054 [Worker-7] INFO  o.e.m.c.i.e.AbstractTransferListenerAdapter - Downloading https://repo.maven.apache.org/maven2/org/seleniumhq/selenium/selenium-support/2.53.0/selenium-support-2.53.0.jar
2017-01-29 20:37:31,443 [Worker-7] INFO  o.e.m.c.i.e.AbstractTransferListenerAdapter - Downloaded https://repo.maven.apache.org/maven2/org/seleniumhq/selenium/selenium-support/2.53.0/selenium-support-2.53.0.jar
2017-01-29 20:37:31,506 [Worker-7] INFO  o.e.m.c.i.e.AbstractTransferListenerAdapter - Downloading https://repo.maven.apache.org/maven2/org/seleniumhq/selenium/selenium-leg-rc/2.53.0/selenium-leg-rc-2.53.0.jar
2017-01-29 20:37:32,147 [Worker-7] INFO  o.e.m.c.i.e.AbstractTransferListenerAdapter - Downloaded https://repo.maven.apache.org/maven2/org/seleniumhq/selenium/selenium-leg-rc/2.53.0/selenium-leg-rc-2.53.0.jar
2017-01-29 20:37:33,469 [Worker-7] INFO  o.e.m.c.i.embedder.EclipseLogger - Using 'UTF-8' encoding to copy filtered resources.
2017-01-29 20:37:33,469 [Worker-7] INFO  o.e.m.c.i.embedder.EclipseLogger - skip non existing resourceDirectory C:\Users\pc\rt\Selenium\test\src\main\resources
2017-01-29 20:37:33,471 [Worker-7] INFO  o.e.m.c.i.embedder.EclipseLogger - Using 'UTF-8' encoding to copy filtered resources.
2017-01-29 20:37:33,472 [Worker-7] INFO  o.e.m.c.i.embedder.EclipseLogger - skip non existing resourceDirectory C:\Users\pc\rt\Selenium\test\src\test\resources
2017-01-29 20:37:35,397 [Worker-2] INFO  o.e.m.c.i.embedder.EclipseLogger - Using 'UTF-8' encoding to copy filtered resources.
2017-01-29 20:37:35,397 [Worker-2] INFO  o.e.m.c.i.embedder.EclipseLogger - skip non existing resourceDirectory C:\Users\pc\rt\Selenium\test\src\main\resources
2017-01-29 20:37:35,400 [Worker-2] INFO  o.e.m.c.i.embedder.EclipseLogger - Using 'UTF-8' encoding to copy filtered resources.
2017-01-29 20:37:35,401 [Worker-2] INFO  o.e.m.c.i.embedder.EclipseLogger - skip non existing resourceDirectory C:\Users\pc\rt\Selenium\test\src\test\resources
2017-01-29 20:38:34,363 [Worker-7] INFO  o.e.m.c.i.embedder.EclipseLogger - Using 'UTF-8' encoding to copy filtered resources.
2017-01-29 20:38:34,363 [Worker-7] INFO  o.e.m.c.i.embedder.EclipseLogger - skip non existing resourceDirectory C:\Users\pc\rt\Selenium\test\src\main\resources
2017-01-29 20:38:34,365 [Worker-7] INFO  o.e.m.c.i.embedder.EclipseLogger - Using 'UTF-8' encoding to copy filtered resources.
2017-01-29 20:38:34,365 [Worker-7] INFO  o.e.m.c.i.embedder.EclipseLogger - skip non existing resourceDirectory C:\Users\pc\rt\Selenium\test\src\test\resources
2017-01-29 20:38:35,451 [Worker-9] INFO  o.e.m.c.i.embedder.EclipseLogger - Using 'UTF-8' encoding to copy filtered resources.
2017-01-29 20:38:35,451 [Worker-9] INFO  o.e.m.c.i.embedder.EclipseLogger - skip non existing resourceDirectory C:\Users\pc\rt\Selenium\test\src\main\resources
2017-01-29 20:38:35,452 [Worker-9] INFO  o.e.m.c.i.embedder.EclipseLogger - Using 'UTF-8' encoding to copy filtered resources.
2017-01-29 20:38:35,453 [Worker-9] INFO  o.e.m.c.i.embedder.EclipseLogger - skip non existing resourceDirectory C:\Users\pc\rt\Selenium\test\src\test\resources
2017-01-29 20:40:46,905 [Worker-7] INFO  o.e.m.c.i.embedder.EclipseLogger - Using 'UTF-8' encoding to copy filtered resources.
2017-01-29 20:40:46,906 [Worker-7] INFO  o.e.m.c.i.embedder.EclipseLogger - skip non existing resourceDirectory C:\Users\pc\rt\Selenium\test\src\main\resources
2017-01-29 20:40:46,908 [Worker-7] INFO  o.e.m.c.i.embedder.EclipseLogger - Using 'UTF-8' encoding to copy filtered resources.
2017-01-29 20:40:46,908 [Worker-7] INFO  o.e.m.c.i.embedder.EclipseLogger - skip non existing resourceDirectory C:\Users\pc\rt\Selenium\test\src\test\resources
2017-01-29 20:40:59,558 [Worker-9] INFO  o.e.m.c.i.embedder.EclipseLogger - Using 'UTF-8' encoding to copy filtered resources.
2017-01-29 20:40:59,559 [Worker-9] INFO  o.e.m.c.i.embedder.EclipseLogger - skip non existing resourceDirectory C:\Users\pc\rt\Selenium\test\src\main\resources
2017-01-29 20:40:59,560 [Worker-9] INFO  o.e.m.c.i.embedder.EclipseLogger - Using 'UTF-8' encoding to copy filtered resources.
2017-01-29 20:40:59,560 [Worker-9] INFO  o.e.m.c.i.embedder.EclipseLogger - skip non existing resourceDirectory C:\Users\pc\rt\Selenium\test\src\test\resources
2017-01-29 20:42:50,372 [Worker-9] INFO  o.e.m.c.i.l.LifecycleMappingFactory - Using org.eclipse.m2e.jdt.JarLifecycleMapping lifecycle mapping for MavenProject: test:test:0.0.1-SNAPSHOT @ C:\Users\pc\rt\Selenium\test\pom.xml.
2017-01-29 20:42:50,574 [Worker-9] INFO  o.e.m.c.i.e.AbstractTransferListenerAdapter - Downloading https://repo.maven.apache.org/maven2/org/seleniumhq/selenium/selenium-java/3.0.1/selenium-java-3.0.1.pom
2017-01-29 20:42:50,598 [Worker-9] INFO  o.e.m.c.i.e.AbstractTransferListenerAdapter - Downloaded https://repo.maven.apache.org/maven2/org/seleniumhq/selenium/selenium-java/3.0.1/selenium-java-3.0.1.pom
2017-01-29 20:42:50,617 [Worker-9] INFO  o.e.m.c.i.e.AbstractTransferListenerAdapter - Downloading https://repo.maven.apache.org/maven2/org/seleniumhq/selenium/selenium-chrome-driver/3.0.1/selenium-chrome-driver-3.0.1.pom
2017-01-29 20:42:50,638 [Worker-9] INFO  o.e.m.c.i.e.AbstractTransferListenerAdapter - Downloaded https://repo.maven.apache.org/maven2/org/seleniumhq/selenium/selenium-chrome-driver/3.0.1/selenium-chrome-driver-3.0.1.pom
2017-01-29 20:42:50,661 [Worker-9] INFO  o.e.m.c.i.e.AbstractTransferListenerAdapter - Downloading https://repo.maven.apache.org/maven2/org/seleniumhq/selenium/selenium-remote-driver/3.0.1/selenium-remote-driver-3.0.1.pom
2017-01-29 20:42:50,679 [Worker-9] INFO  o.e.m.c.i.e.AbstractTransferListenerAdapter - Downloaded https://repo.maven.apache.org/maven2/org/seleniumhq/selenium/selenium-remote-driver/3.0.1/selenium-remote-driver-3.0.1.pom
2017-01-29 20:42:50,699 [Worker-9] INFO  o.e.m.c.i.e.AbstractTransferListenerAdapter - Downloading https://repo.maven.apache.org/maven2/org/seleniumhq/selenium/selenium-api/3.0.1/selenium-api-3.0.1.pom
2017-01-29 20:42:50,718 [Worker-9] INFO  o.e.m.c.i.e.AbstractTransferListenerAdapter - Downloaded https://repo.maven.apache.org/maven2/org/seleniumhq/selenium/selenium-api/3.0.1/selenium-api-3.0.1.pom
2017-01-29 20:42:50,735 [Worker-9] INFO  o.e.m.c.i.e.AbstractTransferListenerAdapter - Downloading https://repo.maven.apache.org/maven2/cglib/cglib-nodep/3.2.4/cglib-nodep-3.2.4.pom
2017-01-29 20:42:50,756 [Worker-9] INFO  o.e.m.c.i.e.AbstractTransferListenerAdapter - Downloaded https://repo.maven.apache.org/maven2/cglib/cglib-nodep/3.2.4/cglib-nodep-3.2.4.pom
2017-01-29 20:42:50,776 [Worker-9] INFO  o.e.m.c.i.e.AbstractTransferListenerAdapter - Downloading https://repo.maven.apache.org/maven2/cglib/cglib-parent/3.2.4/cglib-parent-3.2.4.pom
2017-01-29 20:42:50,840 [Worker-9] INFO  o.e.m.c.i.e.AbstractTransferListenerAdapter - Downloaded https://repo.maven.apache.org/maven2/cglib/cglib-parent/3.2.4/cglib-parent-3.2.4.pom
2017-01-29 20:42:50,883 [Worker-9] INFO  o.e.m.c.i.e.AbstractTransferListenerAdapter - Downloading https://repo.maven.apache.org/maven2/org/apache/httpcomponents/httpmime/4.5.2/httpmime-4.5.2.pom
2017-01-29 20:42:50,902 [Worker-9] INFO  o.e.m.c.i.e.AbstractTransferListenerAdapter - Downloaded https://repo.maven.apache.org/maven2/org/apache/httpcomponents/httpmime/4.5.2/httpmime-4.5.2.pom
2017-01-29 20:42:50,922 [Worker-9] INFO  o.e.m.c.i.e.AbstractTransferListenerAdapter - Downloading https://repo.maven.apache.org/maven2/org/apache/httpcomponents/httpcomponents-client/4.5.2/httpcomponents-client-4.5.2.pom
2017-01-29 20:42:50,945 [Worker-9] INFO  o.e.m.c.i.e.AbstractTransferListenerAdapter - Downloaded https://repo.maven.apache.org/maven2/org/apache/httpcomponents/httpcomponents-client/4.5.2/httpcomponents-client-4.5.2.pom
2017-01-29 20:42:50,967 [Worker-9] INFO  o.e.m.c.i.e.AbstractTransferListenerAdapter - Downloading https://repo.maven.apache.org/maven2/org/apache/httpcomponents/httpclient/4.5.2/httpclient-4.5.2.pom
2017-01-29 20:42:51,000 [Worker-9] INFO  o.e.m.c.i.e.AbstractTransferListenerAdapter - Downloaded https://repo.maven.apache.org/maven2/org/apache/httpcomponents/httpclient/4.5.2/httpclient-4.5.2.pom
2017-01-29 20:42:51,020 [Worker-9] INFO  o.e.m.c.i.e.AbstractTransferListenerAdapter - Downloading https://repo.maven.apache.org/maven2/org/apache/httpcomponents/httpcore/4.4.4/httpcore-4.4.4.pom
2017-01-29 20:42:51,046 [Worker-9] INFO  o.e.m.c.i.e.AbstractTransferListenerAdapter - Downloaded https://repo.maven.apache.org/maven2/org/apache/httpcomponents/httpcore/4.4.4/httpcore-4.4.4.pom
2017-01-29 20:42:51,066 [Worker-9] INFO  o.e.m.c.i.e.AbstractTransferListenerAdapter - Downloading https://repo.maven.apache.org/maven2/org/apache/httpcomponents/httpcomponents-core/4.4.4/httpcomponents-core-4.4.4.pom
2017-01-29 20:42:51,088 [Worker-9] INFO  o.e.m.c.i.e.AbstractTransferListenerAdapter - Downloaded https://repo.maven.apache.org/maven2/org/apache/httpcomponents/httpcomponents-core/4.4.4/httpcomponents-core-4.4.4.pom
2017-01-29 20:42:51,129 [Worker-9] INFO  o.e.m.c.i.e.AbstractTransferListenerAdapter - Downloading https://repo.maven.apache.org/maven2/org/seleniumhq/selenium/selenium-edge-driver/3.0.1/selenium-edge-driver-3.0.1.pom
2017-01-29 20:42:51,148 [Worker-9] INFO  o.e.m.c.i.e.AbstractTransferListenerAdapter - Downloaded https://repo.maven.apache.org/maven2/org/seleniumhq/selenium/selenium-edge-driver/3.0.1/selenium-edge-driver-3.0.1.pom
2017-01-29 20:42:51,186 [Worker-9] INFO  o.e.m.c.i.e.AbstractTransferListenerAdapter - Downloading https://repo.maven.apache.org/maven2/org/seleniumhq/selenium/selenium-firefox-driver/3.0.1/selenium-firefox-driver-3.0.1.pom
2017-01-29 20:42:51,204 [Worker-9] INFO  o.e.m.c.i.e.AbstractTransferListenerAdapter - Downloaded https://repo.maven.apache.org/maven2/org/seleniumhq/selenium/selenium-firefox-driver/3.0.1/selenium-firefox-driver-3.0.1.pom
2017-01-29 20:42:51,225 [Worker-9] INFO  o.e.m.c.i.e.AbstractTransferListenerAdapter - Downloading https://repo.maven.apache.org/maven2/org/seleniumhq/selenium/selenium-ie-driver/3.0.1/selenium-ie-driver-3.0.1.pom
2017-01-29 20:42:51,243 [Worker-9] INFO  o.e.m.c.i.e.AbstractTransferListenerAdapter - Downloaded https://repo.maven.apache.org/maven2/org/seleniumhq/selenium/selenium-ie-driver/3.0.1/selenium-ie-driver-3.0.1.pom
2017-01-29 20:42:51,263 [Worker-9] INFO  o.e.m.c.i.e.AbstractTransferListenerAdapter - Downloading https://repo.maven.apache.org/maven2/org/seleniumhq/selenium/selenium-opera-driver/3.0.1/selenium-opera-driver-3.0.1.pom
2017-01-29 20:42:51,286 [Worker-9] INFO  o.e.m.c.i.e.AbstractTransferListenerAdapter - Downloaded https://repo.maven.apache.org/maven2/org/seleniumhq/selenium/selenium-opera-driver/3.0.1/selenium-opera-driver-3.0.1.pom
2017-01-29 20:42:51,307 [Worker-9] INFO  o.e.m.c.i.e.AbstractTransferListenerAdapter - Downloading https://repo.maven.apache.org/maven2/org/seleniumhq/selenium/selenium-safari-driver/3.0.1/selenium-safari-driver-3.0.1.pom
2017-01-29 20:42:51,327 [Worker-9] INFO  o.e.m.c.i.e.AbstractTransferListenerAdapter - Downloaded https://repo.maven.apache.org/maven2/org/seleniumhq/selenium/selenium-safari-driver/3.0.1/selenium-safari-driver-3.0.1.pom
2017-01-29 20:42:51,352 [Worker-9] INFO  o.e.m.c.i.e.AbstractTransferListenerAdapter - Downloading https://repo.maven.apache.org/maven2/org/seleniumhq/selenium/selenium-support/3.0.1/selenium-support-3.0.1.pom
2017-01-29 20:42:51,423 [Worker-9] INFO  o.e.m.c.i.e.AbstractTransferListenerAdapter - Downloaded https://repo.maven.apache.org/maven2/org/seleniumhq/selenium/selenium-support/3.0.1/selenium-support-3.0.1.pom
2017-01-29 20:42:51,455 [Worker-9] INFO  o.e.m.c.i.e.AbstractTransferListenerAdapter - Downloading https://repo.maven.apache.org/maven2/net/sourceforge/htmlunit/htmlunit/2.23/htmlunit-2.23.pom
2017-01-29 20:42:51,482 [Worker-9] INFO  o.e.m.c.i.e.AbstractTransferListenerAdapter - Downloaded https://repo.maven.apache.org/maven2/net/sourceforge/htmlunit/htmlunit/2.23/htmlunit-2.23.pom
2017-01-29 20:42:51,505 [Worker-9] INFO  o.e.m.c.i.e.AbstractTransferListenerAdapter - Downloading https://repo.maven.apache.org/maven2/xalan/xalan/2.7.2/xalan-2.7.2.pom
2017-01-29 20:42:51,524 [Worker-9] INFO  o.e.m.c.i.e.AbstractTransferListenerAdapter - Downloaded https://repo.maven.apache.org/maven2/xalan/xalan/2.7.2/xalan-2.7.2.pom
2017-01-29 20:42:51,545 [Worker-9] INFO  o.e.m.c.i.e.AbstractTransferListenerAdapter - Downloading https://repo.maven.apache.org/maven2/xalan/serializer/2.7.2/serializer-2.7.2.pom
2017-01-29 20:42:51,568 [Worker-9] INFO  o.e.m.c.i.e.AbstractTransferListenerAdapter - Downloaded https://repo.maven.apache.org/maven2/xalan/serializer/2.7.2/serializer-2.7.2.pom
2017-01-29 20:42:51,597 [Worker-9] INFO  o.e.m.c.i.e.AbstractTransferListenerAdapter - Downloading https://repo.maven.apache.org/maven2/org/apache/commons/commons-lang3/3.4/commons-lang3-3.4.pom
2017-01-29 20:42:51,622 [Worker-9] INFO  o.e.m.c.i.e.AbstractTransferListenerAdapter - Downloaded https://repo.maven.apache.org/maven2/org/apache/commons/commons-lang3/3.4/commons-lang3-3.4.pom
2017-01-29 20:42:51,649 [Worker-9] INFO  o.e.m.c.i.e.AbstractTransferListenerAdapter - Downloading https://repo.maven.apache.org/maven2/org/apache/commons/commons-parent/37/commons-parent-37.pom
2017-01-29 20:42:51,685 [Worker-9] INFO  o.e.m.c.i.e.AbstractTransferListenerAdapter - Downloaded https://repo.maven.apache.org/maven2/org/apache/commons/commons-parent/37/commons-parent-37.pom
2017-01-29 20:42:51,719 [Worker-9] INFO  o.e.m.c.i.e.AbstractTransferListenerAdapter - Downloading https://repo.maven.apache.org/maven2/commons-codec/commons-codec/1.10/commons-codec-1.10.pom
2017-01-29 20:42:51,752 [Worker-9] INFO  o.e.m.c.i.e.AbstractTransferListenerAdapter - Downloaded https://repo.maven.apache.org/maven2/commons-codec/commons-codec/1.10/commons-codec-1.10.pom
2017-01-29 20:42:51,774 [Worker-9] INFO  o.e.m.c.i.e.AbstractTransferListenerAdapter - Downloading https://repo.maven.apache.org/maven2/net/sourceforge/htmlunit/htmlunit-core-js/2.23/htmlunit-core-js-2.23.pom
2017-01-29 20:42:51,804 [Worker-9] INFO  o.e.m.c.i.e.AbstractTransferListenerAdapter - Downloaded https://repo.maven.apache.org/maven2/net/sourceforge/htmlunit/htmlunit-core-js/2.23/htmlunit-core-js-2.23.pom
2017-01-29 20:42:51,824 [Worker-9] INFO  o.e.m.c.i.e.AbstractTransferListenerAdapter - Downloading https://repo.maven.apache.org/maven2/net/sourceforge/htmlunit/neko-htmlunit/2.23/neko-htmlunit-2.23.pom
2017-01-29 20:42:51,853 [Worker-9] INFO  o.e.m.c.i.e.AbstractTransferListenerAdapter - Downloaded https://repo.maven.apache.org/maven2/net/sourceforge/htmlunit/neko-htmlunit/2.23/neko-htmlunit-2.23.pom
2017-01-29 20:42:51,874 [Worker-9] INFO  o.e.m.c.i.e.AbstractTransferListenerAdapter - Downloading https://repo.maven.apache.org/maven2/xerces/xercesImpl/2.11.0/xercesImpl-2.11.0.pom
2017-01-29 20:42:51,895 [Worker-9] INFO  o.e.m.c.i.e.AbstractTransferListenerAdapter - Downloaded https://repo.maven.apache.org/maven2/xerces/xercesImpl/2.11.0/xercesImpl-2.11.0.pom
2017-01-29 20:42:51,916 [Worker-9] INFO  o.e.m.c.i.e.AbstractTransferListenerAdapter - Downloading https://repo.maven.apache.org/maven2/xml-apis/xml-apis/1.4.01/xml-apis-1.4.01.pom
2017-01-29 20:42:51,937 [Worker-9] INFO  o.e.m.c.i.e.AbstractTransferListenerAdapter - Downloaded https://repo.maven.apache.org/maven2/xml-apis/xml-apis/1.4.01/xml-apis-1.4.01.pom
2017-01-29 20:42:51,957 [Worker-9] INFO  o.e.m.c.i.e.AbstractTransferListenerAdapter - Downloading https://repo.maven.apache.org/maven2/net/sourceforge/cssparser/cssparser/0.9.20/cssparser-0.9.20.pom
2017-01-29 20:42:51,981 [Worker-9] INFO  o.e.m.c.i.e.AbstractTransferListenerAdapter - Downloaded https://repo.maven.apache.org/maven2/net/sourceforge/cssparser/cssparser/0.9.20/cssparser-0.9.20.pom
2017-01-29 20:42:52,004 [Worker-9] INFO  o.e.m.c.i.e.AbstractTransferListenerAdapter - Downloading https://repo.maven.apache.org/maven2/org/w3c/css/sac/1.3/sac-1.3.pom
2017-01-29 20:42:52,024 [Worker-9] INFO  o.e.m.c.i.e.AbstractTransferListenerAdapter - Downloaded https://repo.maven.apache.org/maven2/org/w3c/css/sac/1.3/sac-1.3.pom
2017-01-29 20:42:52,056 [Worker-9] INFO  o.e.m.c.i.e.AbstractTransferListenerAdapter - Downloading https://repo.maven.apache.org/maven2/org/eclipse/jetty/websocket/websocket-client/9.2.18.v20160721/websocket-client-9.2.18.v20160721.pom
2017-01-29 20:42:52,076 [Worker-9] INFO  o.e.m.c.i.e.AbstractTransferListenerAdapter - Downloaded https://repo.maven.apache.org/maven2/org/eclipse/jetty/websocket/websocket-client/9.2.18.v20160721/websocket-client-9.2.18.v20160721.pom
2017-01-29 20:42:52,097 [Worker-9] INFO  o.e.m.c.i.e.AbstractTransferListenerAdapter - Downloading https://repo.maven.apache.org/maven2/org/eclipse/jetty/websocket/websocket-parent/9.2.18.v20160721/websocket-parent-9.2.18.v20160721.pom
2017-01-29 20:42:52,119 [Worker-9] INFO  o.e.m.c.i.e.AbstractTransferListenerAdapter - Downloaded https://repo.maven.apache.org/maven2/org/eclipse/jetty/websocket/websocket-parent/9.2.18.v20160721/websocket-parent-9.2.18.v20160721.pom
2017-01-29 20:42:52,139 [Worker-9] INFO  o.e.m.c.i.e.AbstractTransferListenerAdapter - Downloading https://repo.maven.apache.org/maven2/org/eclipse/jetty/jetty-project/9.2.18.v20160721/jetty-project-9.2.18.v20160721.pom
2017-01-29 20:42:52,162 [Worker-9] INFO  o.e.m.c.i.e.AbstractTransferListenerAdapter - Downloaded https://repo.maven.apache.org/maven2/org/eclipse/jetty/jetty-project/9.2.18.v20160721/jetty-project-9.2.18.v20160721.pom
2017-01-29 20:42:52,185 [Worker-9] INFO  o.e.m.c.i.e.AbstractTransferListenerAdapter - Downloading https://repo.maven.apache.org/maven2/org/eclipse/jetty/jetty-parent/23/jetty-parent-23.pom
2017-01-29 20:42:52,205 [Worker-9] INFO  o.e.m.c.i.e.AbstractTransferListenerAdapter - Downloaded https://repo.maven.apache.org/maven2/org/eclipse/jetty/jetty-parent/23/jetty-parent-23.pom
2017-01-29 20:42:52,230 [Worker-9] INFO  o.e.m.c.i.e.AbstractTransferListenerAdapter - Downloading https://repo.maven.apache.org/maven2/org/eclipse/jetty/jetty-util/9.2.18.v20160721/jetty-util-9.2.18.v20160721.pom
2017-01-29 20:42:52,251 [Worker-9] INFO  o.e.m.c.i.e.AbstractTransferListenerAdapter - Downloaded https://repo.maven.apache.org/maven2/org/eclipse/jetty/jetty-util/9.2.18.v20160721/jetty-util-9.2.18.v20160721.pom
2017-01-29 20:42:52,274 [Worker-9] INFO  o.e.m.c.i.e.AbstractTransferListenerAdapter - Downloading https://repo.maven.apache.org/maven2/org/eclipse/jetty/jetty-io/9.2.18.v20160721/jetty-io-9.2.18.v20160721.pom
2017-01-29 20:42:52,293 [Worker-9] INFO  o.e.m.c.i.e.AbstractTransferListenerAdapter - Downloaded https://repo.maven.apache.org/maven2/org/eclipse/jetty/jetty-io/9.2.18.v20160721/jetty-io-9.2.18.v20160721.pom
2017-01-29 20:42:52,319 [Worker-9] INFO  o.e.m.c.i.e.AbstractTransferListenerAdapter - Downloading https://repo.maven.apache.org/maven2/org/eclipse/jetty/websocket/websocket-common/9.2.18.v20160721/websocket-common-9.2.18.v20160721.pom
2017-01-29 20:42:52,339 [Worker-9] INFO  o.e.m.c.i.e.AbstractTransferListenerAdapter - Downloaded https://repo.maven.apache.org/maven2/org/eclipse/jetty/websocket/websocket-common/9.2.18.v20160721/websocket-common-9.2.18.v20160721.pom
2017-01-29 20:42:52,362 [Worker-9] INFO  o.e.m.c.i.e.AbstractTransferListenerAdapter - Downloading https://repo.maven.apache.org/maven2/org/eclipse/jetty/websocket/websocket-api/9.2.18.v20160721/websocket-api-9.2.18.v20160721.pom
2017-01-29 20:42:52,383 [Worker-9] INFO  o.e.m.c.i.e.AbstractTransferListenerAdapter - Downloaded https://repo.maven.apache.org/maven2/org/eclipse/jetty/websocket/websocket-api/9.2.18.v20160721/websocket-api-9.2.18.v20160721.pom
2017-01-29 20:42:52,411 [Worker-9] INFO  o.e.m.c.i.e.AbstractTransferListenerAdapter - Downloading https://repo.maven.apache.org/maven2/com/codeborne/phantomjsdriver/1.3.0/phantomjsdriver-1.3.0.pom
2017-01-29 20:42:52,432 [Worker-9] INFO  o.e.m.c.i.e.AbstractTransferListenerAdapter - Downloaded https://repo.maven.apache.org/maven2/com/codeborne/phantomjsdriver/1.3.0/phantomjsdriver-1.3.0.pom
2017-01-29 20:42:52,473 [Worker-9] INFO  o.e.m.c.i.e.AbstractTransferListenerAdapter - Downloading https://repo.maven.apache.org/maven2/org/eclipse/jetty/websocket/websocket-client/9.2.15.v20160210/websocket-client-9.2.15.v20160210.pom
2017-01-29 20:42:52,496 [Worker-9] INFO  o.e.m.c.i.e.AbstractTransferListenerAdapter - Downloaded https://repo.maven.apache.org/maven2/org/eclipse/jetty/websocket/websocket-client/9.2.15.v20160210/websocket-client-9.2.15.v20160210.pom
2017-01-29 20:42:52,515 [Worker-9] INFO  o.e.m.c.i.e.AbstractTransferListenerAdapter - Downloading https://repo.maven.apache.org/maven2/org/eclipse/jetty/websocket/websocket-parent/9.2.15.v20160210/websocket-parent-9.2.15.v20160210.pom
2017-01-29 20:42:52,534 [Worker-9] INFO  o.e.m.c.i.e.AbstractTransferListenerAdapter - Downloaded https://repo.maven.apache.org/maven2/org/eclipse/jetty/websocket/websocket-parent/9.2.15.v20160210/websocket-parent-9.2.15.v20160210.pom
2017-01-29 20:42:52,552 [Worker-9] INFO  o.e.m.c.i.e.AbstractTransferListenerAdapter - Downloading https://repo.maven.apache.org/maven2/org/eclipse/jetty/jetty-project/9.2.15.v20160210/jetty-project-9.2.15.v20160210.pom
2017-01-29 20:42:52,581 [Worker-9] INFO  o.e.m.c.i.e.AbstractTransferListenerAdapter - Downloaded https://repo.maven.apache.org/maven2/org/eclipse/jetty/jetty-project/9.2.15.v20160210/jetty-project-9.2.15.v20160210.pom
2017-01-29 20:42:52,619 [Worker-9] INFO  o.e.m.c.i.e.AbstractTransferListenerAdapter - Downloading https://repo.maven.apache.org/maven2/org/eclipse/jetty/jetty-util/9.2.15.v20160210/jetty-util-9.2.15.v20160210.pom
2017-01-29 20:42:52,641 [Worker-9] INFO  o.e.m.c.i.e.AbstractTransferListenerAdapter - Downloaded https://repo.maven.apache.org/maven2/org/eclipse/jetty/jetty-util/9.2.15.v20160210/jetty-util-9.2.15.v20160210.pom
2017-01-29 20:42:52,674 [Worker-9] INFO  o.e.m.c.i.e.AbstractTransferListenerAdapter - Downloading https://repo.maven.apache.org/maven2/org/eclipse/jetty/jetty-io/9.2.15.v20160210/jetty-io-9.2.15.v20160210.pom
2017-01-29 20:42:52,695 [Worker-9] INFO  o.e.m.c.i.e.AbstractTransferListenerAdapter - Downloaded https://repo.maven.apache.org/maven2/org/eclipse/jetty/jetty-io/9.2.15.v20160210/jetty-io-9.2.15.v20160210.pom
2017-01-29 20:42:52,725 [Worker-9] INFO  o.e.m.c.i.e.AbstractTransferListenerAdapter - Downloading https://repo.maven.apache.org/maven2/org/eclipse/jetty/websocket/websocket-common/9.2.15.v20160210/websocket-common-9.2.15.v20160210.pom
2017-01-29 20:42:52,746 [Worker-9] INFO  o.e.m.c.i.e.AbstractTransferListenerAdapter - Downloaded https://repo.maven.apache.org/maven2/org/eclipse/jetty/websocket/websocket-common/9.2.15.v20160210/websocket-common-9.2.15.v20160210.pom
2017-01-29 20:42:52,767 [Worker-9] INFO  o.e.m.c.i.e.AbstractTransferListenerAdapter - Downloading https://repo.maven.apache.org/maven2/org/eclipse/jetty/websocket/websocket-api/9.2.15.v20160210/websocket-api-9.2.15.v20160210.pom
2017-01-29 20:42:52,786 [Worker-9] INFO  o.e.m.c.i.e.AbstractTransferListenerAdapter - Downloaded https://repo.maven.apache.org/maven2/org/eclipse/jetty/websocket/websocket-api/9.2.15.v20160210/websocket-api-9.2.15.v20160210.pom
2017-01-29 20:42:52,837 [Worker-9] INFO  o.e.m.c.i.e.AbstractTransferListenerAdapter - Downloading https://repo.maven.apache.org/maven2/org/seleniumhq/selenium/selenium-java/3.0.1/selenium-java-3.0.1.jar
2017-01-29 20:42:52,854 [Worker-9] INFO  o.e.m.c.i.e.AbstractTransferListenerAdapter - Downloaded https://repo.maven.apache.org/maven2/org/seleniumhq/selenium/selenium-java/3.0.1/selenium-java-3.0.1.jar
2017-01-29 20:42:52,867 [Worker-9] INFO  o.e.m.c.i.e.AbstractTransferListenerAdapter - Downloading https://repo.maven.apache.org/maven2/org/seleniumhq/selenium/selenium-chrome-driver/3.0.1/selenium-chrome-driver-3.0.1.jar
2017-01-29 20:42:52,885 [Worker-9] INFO  o.e.m.c.i.e.AbstractTransferListenerAdapter - Downloaded https://repo.maven.apache.org/maven2/org/seleniumhq/selenium/selenium-chrome-driver/3.0.1/selenium-chrome-driver-3.0.1.jar
2017-01-29 20:42:52,902 [Worker-9] INFO  o.e.m.c.i.e.AbstractTransferListenerAdapter - Downloading https://repo.maven.apache.org/maven2/org/seleniumhq/selenium/selenium-remote-driver/3.0.1/selenium-remote-driver-3.0.1.jar
2017-01-29 20:42:52,988 [Worker-9] INFO  o.e.m.c.i.e.AbstractTransferListenerAdapter - Downloaded https://repo.maven.apache.org/maven2/org/seleniumhq/selenium/selenium-remote-driver/3.0.1/selenium-remote-driver-3.0.1.jar
2017-01-29 20:42:53,005 [Worker-9] INFO  o.e.m.c.i.e.AbstractTransferListenerAdapter - Downloading https://repo.maven.apache.org/maven2/org/seleniumhq/selenium/selenium-api/3.0.1/selenium-api-3.0.1.jar
2017-01-29 20:42:53,041 [Worker-9] INFO  o.e.m.c.i.e.AbstractTransferListenerAdapter - Downloaded https://repo.maven.apache.org/maven2/org/seleniumhq/selenium/selenium-api/3.0.1/selenium-api-3.0.1.jar
2017-01-29 20:42:53,060 [Worker-9] INFO  o.e.m.c.i.e.AbstractTransferListenerAdapter - Downloading https://repo.maven.apache.org/maven2/cglib/cglib-nodep/3.2.4/cglib-nodep-3.2.4.jar
2017-01-29 20:42:53,151 [Worker-9] INFO  o.e.m.c.i.e.AbstractTransferListenerAdapter - Downloaded https://repo.maven.apache.org/maven2/cglib/cglib-nodep/3.2.4/cglib-nodep-3.2.4.jar
2017-01-29 20:42:53,164 [Worker-9] INFO  o.e.m.c.i.e.AbstractTransferListenerAdapter - Downloading https://repo.maven.apache.org/maven2/org/seleniumhq/selenium/selenium-edge-driver/3.0.1/selenium-edge-driver-3.0.1.jar
2017-01-29 20:42:53,190 [Worker-9] INFO  o.e.m.c.i.e.AbstractTransferListenerAdapter - Downloaded https://repo.maven.apache.org/maven2/org/seleniumhq/selenium/selenium-edge-driver/3.0.1/selenium-edge-driver-3.0.1.jar
2017-01-29 20:42:53,208 [Worker-9] INFO  o.e.m.c.i.e.AbstractTransferListenerAdapter - Downloading https://repo.maven.apache.org/maven2/org/seleniumhq/selenium/selenium-firefox-driver/3.0.1/selenium-firefox-driver-3.0.1.jar
2017-01-29 20:42:53,418 [Worker-9] INFO  o.e.m.c.i.e.AbstractTransferListenerAdapter - Downloaded https://repo.maven.apache.org/maven2/org/seleniumhq/selenium/selenium-firefox-driver/3.0.1/selenium-firefox-driver-3.0.1.jar
2017-01-29 20:42:53,434 [Worker-9] INFO  o.e.m.c.i.e.AbstractTransferListenerAdapter - Downloading https://repo.maven.apache.org/maven2/org/seleniumhq/selenium/selenium-ie-driver/3.0.1/selenium-ie-driver-3.0.1.jar
2017-01-29 20:42:53,455 [Worker-9] INFO  o.e.m.c.i.e.AbstractTransferListenerAdapter - Downloaded https://repo.maven.apache.org/maven2/org/seleniumhq/selenium/selenium-ie-driver/3.0.1/selenium-ie-driver-3.0.1.jar
2017-01-29 20:42:53,473 [Worker-9] INFO  o.e.m.c.i.e.AbstractTransferListenerAdapter - Downloading https://repo.maven.apache.org/maven2/org/seleniumhq/selenium/selenium-opera-driver/3.0.1/selenium-opera-driver-3.0.1.jar
2017-01-29 20:42:53,489 [Worker-9] INFO  o.e.m.c.i.e.AbstractTransferListenerAdapter - Downloaded https://repo.maven.apache.org/maven2/org/seleniumhq/selenium/selenium-opera-driver/3.0.1/selenium-opera-driver-3.0.1.jar
2017-01-29 20:42:53,506 [Worker-9] INFO  o.e.m.c.i.e.AbstractTransferListenerAdapter - Downloading https://repo.maven.apache.org/maven2/org/seleniumhq/selenium/selenium-safari-driver/3.0.1/selenium-safari-driver-3.0.1.jar
2017-01-29 20:42:53,527 [Worker-9] INFO  o.e.m.c.i.e.AbstractTransferListenerAdapter - Downloaded https://repo.maven.apache.org/maven2/org/seleniumhq/selenium/selenium-safari-driver/3.0.1/selenium-safari-driver-3.0.1.jar
2017-01-29 20:42:53,543 [Worker-9] INFO  o.e.m.c.i.e.AbstractTransferListenerAdapter - Downloading https://repo.maven.apache.org/maven2/org/seleniumhq/selenium/selenium-support/3.0.1/selenium-support-3.0.1.jar
2017-01-29 20:42:53,590 [Worker-9] INFO  o.e.m.c.i.e.AbstractTransferListenerAdapter - Downloaded https://repo.maven.apache.org/maven2/org/seleniumhq/selenium/selenium-support/3.0.1/selenium-support-3.0.1.jar
2017-01-29 20:42:53,614 [Worker-9] INFO  o.e.m.c.i.e.AbstractTransferListenerAdapter - Downloading https://repo.maven.apache.org/maven2/net/sourceforge/htmlunit/htmlunit/2.23/htmlunit-2.23.jar
2017-01-29 20:42:54,308 [Worker-9] INFO  o.e.m.c.i.e.AbstractTransferListenerAdapter - Downloaded https://repo.maven.apache.org/maven2/net/sourceforge/htmlunit/htmlunit/2.23/htmlunit-2.23.jar
2017-01-29 20:42:54,339 [Worker-9] INFO  o.e.m.c.i.e.AbstractTransferListenerAdapter - Downloading https://repo.maven.apache.org/maven2/xalan/xalan/2.7.2/xalan-2.7.2.jar
2017-01-29 20:42:55,588 [Worker-9] INFO  o.e.m.c.i.e.AbstractTransferListenerAdapter - Downloaded https://repo.maven.apache.org/maven2/xalan/xalan/2.7.2/xalan-2.7.2.jar
2017-01-29 20:42:55,605 [Worker-9] INFO  o.e.m.c.i.e.AbstractTransferListenerAdapter - Downloading https://repo.maven.apache.org/maven2/xalan/serializer/2.7.2/serializer-2.7.2.jar
2017-01-29 20:42:55,682 [Worker-9] INFO  o.e.m.c.i.e.AbstractTransferListenerAdapter - Downloaded https://repo.maven.apache.org/maven2/xalan/serializer/2.7.2/serializer-2.7.2.jar
2017-01-29 20:42:55,698 [Worker-9] INFO  o.e.m.c.i.e.AbstractTransferListenerAdapter - Downloading https://repo.maven.apache.org/maven2/org/apache/commons/commons-lang3/3.4/commons-lang3-3.4.jar
2017-01-29 20:42:55,837 [Worker-9] INFO  o.e.m.c.i.e.AbstractTransferListenerAdapter - Downloaded https://repo.maven.apache.org/maven2/org/apache/commons/commons-lang3/3.4/commons-lang3-3.4.jar
2017-01-29 20:42:55,858 [Worker-9] INFO  o.e.m.c.i.e.AbstractTransferListenerAdapter - Downloading https://repo.maven.apache.org/maven2/org/apache/httpcomponents/httpclient/4.5.2/httpclient-4.5.2.jar
2017-01-29 20:42:56,074 [Worker-9] INFO  o.e.m.c.i.e.AbstractTransferListenerAdapter - Downloaded https://repo.maven.apache.org/maven2/org/apache/httpcomponents/httpclient/4.5.2/httpclient-4.5.2.jar
2017-01-29 20:42:56,093 [Worker-9] INFO  o.e.m.c.i.e.AbstractTransferListenerAdapter - Downloading https://repo.maven.apache.org/maven2/org/apache/httpcomponents/httpcore/4.4.4/httpcore-4.4.4.jar
2017-01-29 20:42:56,191 [Worker-9] INFO  o.e.m.c.i.e.AbstractTransferListenerAdapter - Downloaded https://repo.maven.apache.org/maven2/org/apache/httpcomponents/httpcore/4.4.4/httpcore-4.4.4.jar
2017-01-29 20:42:56,211 [Worker-9] INFO  o.e.m.c.i.e.AbstractTransferListenerAdapter - Downloading https://repo.maven.apache.org/maven2/org/apache/httpcomponents/httpmime/4.5.2/httpmime-4.5.2.jar
2017-01-29 20:42:56,240 [Worker-9] INFO  o.e.m.c.i.e.AbstractTransferListenerAdapter - Downloaded https://repo.maven.apache.org/maven2/org/apache/httpcomponents/httpmime/4.5.2/httpmime-4.5.2.jar
2017-01-29 20:42:56,259 [Worker-9] INFO  o.e.m.c.i.e.AbstractTransferListenerAdapter - Downloading https://repo.maven.apache.org/maven2/commons-codec/commons-codec/1.10/commons-codec-1.10.jar
2017-01-29 20:42:56,335 [Worker-9] INFO  o.e.m.c.i.e.AbstractTransferListenerAdapter - Downloaded https://repo.maven.apache.org/maven2/commons-codec/commons-codec/1.10/commons-codec-1.10.jar
2017-01-29 20:42:56,359 [Worker-9] INFO  o.e.m.c.i.e.AbstractTransferListenerAdapter - Downloading https://repo.maven.apache.org/maven2/net/sourceforge/htmlunit/htmlunit-core-js/2.23/htmlunit-core-js-2.23.jar
2017-01-29 20:42:56,688 [Worker-9] INFO  o.e.m.c.i.e.AbstractTransferListenerAdapter - Downloaded https://repo.maven.apache.org/maven2/net/sourceforge/htmlunit/htmlunit-core-js/2.23/htmlunit-core-js-2.23.jar
2017-01-29 20:42:56,705 [Worker-9] INFO  o.e.m.c.i.e.AbstractTransferListenerAdapter - Downloading https://repo.maven.apache.org/maven2/net/sourceforge/htmlunit/neko-htmlunit/2.23/neko-htmlunit-2.23.jar
2017-01-29 20:42:56,749 [Worker-9] INFO  o.e.m.c.i.e.AbstractTransferListenerAdapter - Downloaded https://repo.maven.apache.org/maven2/net/sourceforge/htmlunit/neko-htmlunit/2.23/neko-htmlunit-2.23.jar
2017-01-29 20:42:56,766 [Worker-9] INFO  o.e.m.c.i.e.AbstractTransferListenerAdapter - Downloading https://repo.maven.apache.org/maven2/xerces/xercesImpl/2.11.0/xercesImpl-2.11.0.jar
2017-01-29 20:42:57,175 [Worker-9] INFO  o.e.m.c.i.e.AbstractTransferListenerAdapter - Downloaded https://repo.maven.apache.org/maven2/xerces/xercesImpl/2.11.0/xercesImpl-2.11.0.jar
2017-01-29 20:42:57,192 [Worker-9] INFO  o.e.m.c.i.e.AbstractTransferListenerAdapter - Downloading https://repo.maven.apache.org/maven2/xml-apis/xml-apis/1.4.01/xml-apis-1.4.01.jar
2017-01-29 20:42:57,252 [Worker-9] INFO  o.e.m.c.i.e.AbstractTransferListenerAdapter - Downloaded https://repo.maven.apache.org/maven2/xml-apis/xml-apis/1.4.01/xml-apis-1.4.01.jar
2017-01-29 20:42:57,269 [Worker-9] INFO  o.e.m.c.i.e.AbstractTransferListenerAdapter - Downloading https://repo.maven.apache.org/maven2/net/sourceforge/cssparser/cssparser/0.9.20/cssparser-0.9.20.jar
2017-01-29 20:42:57,379 [Worker-9] INFO  o.e.m.c.i.e.AbstractTransferListenerAdapter - Downloaded https://repo.maven.apache.org/maven2/net/sourceforge/cssparser/cssparser/0.9.20/cssparser-0.9.20.jar
2017-01-29 20:42:57,396 [Worker-9] INFO  o.e.m.c.i.e.AbstractTransferListenerAdapter - Downloading https://repo.maven.apache.org/maven2/org/w3c/css/sac/1.3/sac-1.3.jar
2017-01-29 20:42:57,420 [Worker-9] INFO  o.e.m.c.i.e.AbstractTransferListenerAdapter - Downloaded https://repo.maven.apache.org/maven2/org/w3c/css/sac/1.3/sac-1.3.jar
2017-01-29 20:42:57,442 [Worker-9] INFO  o.e.m.c.i.e.AbstractTransferListenerAdapter - Downloading https://repo.maven.apache.org/maven2/com/codeborne/phantomjsdriver/1.3.0/phantomjsdriver-1.3.0.jar
2017-01-29 20:42:57,462 [Worker-9] INFO  o.e.m.c.i.e.AbstractTransferListenerAdapter - Downloaded https://repo.maven.apache.org/maven2/com/codeborne/phantomjsdriver/1.3.0/phantomjsdriver-1.3.0.jar
2017-01-29 20:42:57,480 [Worker-9] INFO  o.e.m.c.i.e.AbstractTransferListenerAdapter - Downloading https://repo.maven.apache.org/maven2/org/eclipse/jetty/websocket/websocket-client/9.2.15.v20160210/websocket-client-9.2.15.v20160210.jar
2017-01-29 20:42:57,505 [Worker-9] INFO  o.e.m.c.i.e.AbstractTransferListenerAdapter - Downloaded https://repo.maven.apache.org/maven2/org/eclipse/jetty/websocket/websocket-client/9.2.15.v20160210/websocket-client-9.2.15.v20160210.jar
2017-01-29 20:42:57,522 [Worker-9] INFO  o.e.m.c.i.e.AbstractTransferListenerAdapter - Downloading https://repo.maven.apache.org/maven2/org/eclipse/jetty/jetty-util/9.2.15.v20160210/jetty-util-9.2.15.v20160210.jar
2017-01-29 20:42:57,622 [Worker-9] INFO  o.e.m.c.i.e.AbstractTransferListenerAdapter - Downloaded https://repo.maven.apache.org/maven2/org/eclipse/jetty/jetty-util/9.2.15.v20160210/jetty-util-9.2.15.v20160210.jar
2017-01-29 20:42:57,636 [Worker-9] INFO  o.e.m.c.i.e.AbstractTransferListenerAdapter - Downloading https://repo.maven.apache.org/maven2/org/eclipse/jetty/jetty-io/9.2.15.v20160210/jetty-io-9.2.15.v20160210.jar
2017-01-29 20:42:57,684 [Worker-9] INFO  o.e.m.c.i.e.AbstractTransferListenerAdapter - Downloaded https://repo.maven.apache.org/maven2/org/eclipse/jetty/jetty-io/9.2.15.v20160210/jetty-io-9.2.15.v20160210.jar
2017-01-29 20:42:57,702 [Worker-9] INFO  o.e.m.c.i.e.AbstractTransferListenerAdapter - Downloading https://repo.maven.apache.org/maven2/org/eclipse/jetty/websocket/websocket-common/9.2.15.v20160210/websocket-common-9.2.15.v20160210.jar
2017-01-29 20:42:57,747 [Worker-9] INFO  o.e.m.c.i.e.AbstractTransferListenerAdapter - Downloaded https://repo.maven.apache.org/maven2/org/eclipse/jetty/websocket/websocket-common/9.2.15.v20160210/websocket-common-9.2.15.v20160210.jar
2017-01-29 20:42:57,766 [Worker-9] INFO  o.e.m.c.i.e.AbstractTransferListenerAdapter - Downloading https://repo.maven.apache.org/maven2/org/eclipse/jetty/websocket/websocket-api/9.2.15.v20160210/websocket-api-9.2.15.v20160210.jar
2017-01-29 20:42:57,797 [Worker-9] INFO  o.e.m.c.i.e.AbstractTransferListenerAdapter - Downloaded https://repo.maven.apache.org/maven2/org/eclipse/jetty/websocket/websocket-api/9.2.15.v20160210/websocket-api-9.2.15.v20160210.jar
2017-01-29 20:42:59,780 [Worker-9] INFO  o.e.m.c.i.embedder.EclipseLogger - Using 'UTF-8' encoding to copy filtered resources.
2017-01-29 20:42:59,781 [Worker-9] INFO  o.e.m.c.i.embedder.EclipseLogger - skip non existing resourceDirectory C:\Users\pc\rt\Selenium\test\src\main\resources
2017-01-29 20:42:59,783 [Worker-9] INFO  o.e.m.c.i.embedder.EclipseLogger - Using 'UTF-8' encoding to copy filtered resources.
2017-01-29 20:42:59,783 [Worker-9] INFO  o.e.m.c.i.embedder.EclipseLogger - skip non existing resourceDirectory C:\Users\pc\rt\Selenium\test\src\test\resources
2017-01-29 20:43:01,451 [Worker-9] INFO  o.e.m.c.i.embedder.EclipseLogger - Using 'UTF-8' encoding to copy filtered resources.
2017-01-29 20:43:01,451 [Worker-9] INFO  o.e.m.c.i.embedder.EclipseLogger - skip non existing resourceDirectory C:\Users\pc\rt\Selenium\test\src\main\resources
2017-01-29 20:43:01,453 [Worker-9] INFO  o.e.m.c.i.embedder.EclipseLogger - Using 'UTF-8' encoding to copy filtered resources.
2017-01-29 20:43:01,453 [Worker-9] INFO  o.e.m.c.i.embedder.EclipseLogger - skip non existing resourceDirectory C:\Users\pc\rt\Selenium\test\src\test\resources
2017-01-29 20:43:02,819 [Worker-15] INFO  o.e.m.c.i.p.ProjectConfigurationManager - Update started
2017-01-29 20:43:03,209 [Worker-15] INFO  o.e.m.c.i.l.LifecycleMappingFactory - Using org.eclipse.m2e.jdt.JarLifecycleMapping lifecycle mapping for MavenProject: test:test:0.0.1-SNAPSHOT @ C:\Users\pc\rt\Selenium\test\pom.xml.
2017-01-29 20:43:03,525 [Worker-15] INFO  o.e.m.j.i.AbstractJavaProjectConfigurator - Adding source folder /test/src/main/java
2017-01-29 20:43:03,526 [Worker-15] INFO  o.e.m.j.i.AbstractJavaProjectConfigurator - Adding source folder /test/src/test/java
2017-01-29 20:43:03,676 [Worker-15] INFO  o.e.m.c.i.p.ProjectConfigurationManager - Update completed: 0 sec
2017-01-29 20:43:04,133 [Worker-9] INFO  o.e.m.c.i.embedder.EclipseLogger - Using 'UTF-8' encoding to copy filtered resources.
2017-01-29 20:43:04,134 [Worker-9] INFO  o.e.m.c.i.embedder.EclipseLogger - skip non existing resourceDirectory C:\Users\pc\rt\Selenium\test\src\main\resources
2017-01-29 20:43:04,136 [Worker-9] INFO  o.e.m.c.i.embedder.EclipseLogger - Using 'UTF-8' encoding to copy filtered resources.
2017-01-29 20:43:04,136 [Worker-9] INFO  o.e.m.c.i.embedder.EclipseLogger - skip non existing resourceDirectory C:\Users\pc\rt\Selenium\test\src\test\resources
2017-01-29 20:50:07,562 [Worker-10] INFO  o.e.m.c.i.embedder.EclipseLogger - Using 'UTF-8' encoding to copy filtered resources.
2017-01-29 20:50:07,563 [Worker-10] INFO  o.e.m.c.i.embedder.EclipseLogger - skip non existing resourceDirectory C:\Users\pc\rt\Selenium\test\src\main\resources
2017-01-29 20:50:07,564 [Worker-10] INFO  o.e.m.c.i.embedder.EclipseLogger - Using 'UTF-8' encoding to copy filtered resources.
2017-01-29 20:50:07,564 [Worker-10] INFO  o.e.m.c.i.embedder.EclipseLogger - skip non existing resourceDirectory C:\Users\pc\rt\Selenium\test\src\test\resources
2017-01-29 20:55:31,745 [Worker-23] INFO  o.e.m.c.i.l.LifecycleMappingFactory - Using org.eclipse.m2e.jdt.JarLifecycleMapping lifecycle mapping for MavenProject: test:test:0.0.1-SNAPSHOT @ C:\Users\pc\rt\Selenium\test\pom.xml.
2017-01-29 20:55:31,921 [Worker-23] INFO  o.e.m.c.i.e.AbstractTransferListenerAdapter - Downloaded https://repo.maven.apache.org/maven2/org/seleniumhq/selenium/selenium-java/2.5.3/selenium-java-2.5.3.pom
2017-01-29 20:55:31,924 [Worker-23] WARN  o.e.m.c.i.embedder.EclipseLogger - The POM for org.seleniumhq.selenium:selenium-java:jar:2.5.3 is missing, no dependency information available
2017-01-29 20:55:32,053 [Worker-23] INFO  o.e.m.c.i.e.AbstractTransferListenerAdapter - Downloaded https://repo.maven.apache.org/maven2/org/seleniumhq/selenium/selenium-java/2.5.3/selenium-java-2.5.3.jar
2017-01-29 20:55:32,179 [Worker-23] INFO  o.e.m.c.i.embedder.EclipseLogger - Using 'UTF-8' encoding to copy filtered resources.
2017-01-29 20:55:32,179 [Worker-23] INFO  o.e.m.c.i.embedder.EclipseLogger - skip non existing resourceDirectory C:\Users\pc\rt\Selenium\test\src\main\resources
2017-01-29 20:55:32,181 [Worker-23] INFO  o.e.m.c.i.embedder.EclipseLogger - Using 'UTF-8' encoding to copy filtered resources.
2017-01-29 20:55:32,181 [Worker-23] INFO  o.e.m.c.i.embedder.EclipseLogger - skip non existing resourceDirectory C:\Users\pc\rt\Selenium\test\src\test\resources
2017-01-29 20:55:46,778 [Worker-23] INFO  o.e.m.c.i.p.ProjectConfigurationManager - Update started
2017-01-29 20:55:47,088 [Worker-23] INFO  o.e.m.c.i.l.LifecycleMappingFactory - Using org.eclipse.m2e.jdt.JarLifecycleMapping lifecycle mapping for MavenProject: test:test:0.0.1-SNAPSHOT @ C:\Users\pc\rt\Selenium\test\pom.xml.
2017-01-29 20:55:47,091 [Worker-23] WARN  o.e.m.c.i.embedder.EclipseLogger - The POM for org.seleniumhq.selenium:selenium-java:jar:2.5.3 is missing, no dependency information available
2017-01-29 20:55:47,192 [Worker-23] INFO  o.e.m.j.i.AbstractJavaProjectConfigurator - Adding source folder /test/src/main/java
2017-01-29 20:55:47,193 [Worker-23] INFO  o.e.m.j.i.AbstractJavaProjectConfigurator - Adding source folder /test/src/test/java
2017-01-29 20:55:47,268 [Worker-23] INFO  o.e.m.c.i.p.ProjectConfigurationManager - Update completed: 0 sec
2017-01-29 20:55:47,396 [Worker-26] WARN  o.e.m.c.i.embedder.EclipseLogger - The POM for org.seleniumhq.selenium:selenium-java:jar:2.5.3 is missing, no dependency information available
2017-01-29 20:55:47,416 [Worker-26] INFO  o.e.m.c.i.embedder.EclipseLogger - Using 'UTF-8' encoding to copy filtered resources.
2017-01-29 20:55:47,417 [Worker-26] INFO  o.e.m.c.i.embedder.EclipseLogger - skip non existing resourceDirectory C:\Users\pc\rt\Selenium\test\src\main\resources
2017-01-29 20:55:47,418 [Worker-26] INFO  o.e.m.c.i.embedder.EclipseLogger - Using 'UTF-8' encoding to copy filtered resources.
2017-01-29 20:55:47,419 [Worker-26] INFO  o.e.m.c.i.embedder.EclipseLogger - skip non existing resourceDirectory C:\Users\pc\rt\Selenium\test\src\test\resources
2017-01-29 20:56:23,942 [Worker-26] INFO  o.e.m.c.i.l.LifecycleMappingFactory - Using org.eclipse.m2e.jdt.JarLifecycleMapping lifecycle mapping for MavenProject: test:test:0.0.1-SNAPSHOT @ C:\Users\pc\rt\Selenium\test\pom.xml.
2017-01-29 20:56:24,141 [Worker-26] INFO  o.e.m.c.i.embedder.EclipseLogger - Using 'UTF-8' encoding to copy filtered resources.
2017-01-29 20:56:24,141 [Worker-26] INFO  o.e.m.c.i.embedder.EclipseLogger - skip non existing resourceDirectory C:\Users\pc\rt\Selenium\test\src\main\resources
2017-01-29 20:56:24,143 [Worker-26] INFO  o.e.m.c.i.embedder.EclipseLogger - Using 'UTF-8' encoding to copy filtered resources.
2017-01-29 20:56:24,143 [Worker-26] INFO  o.e.m.c.i.embedder.EclipseLogger - skip non existing resourceDirectory C:\Users\pc\rt\Selenium\test\src\test\resources
2017-01-29 20:56:26,095 [Worker-22] INFO  o.e.m.c.i.embedder.EclipseLogger - Using 'UTF-8' encoding to copy filtered resources.
2017-01-29 20:56:26,095 [Worker-22] INFO  o.e.m.c.i.embedder.EclipseLogger - skip non existing resourceDirectory C:\Users\pc\rt\Selenium\test\src\main\resources
2017-01-29 20:56:26,097 [Worker-22] INFO  o.e.m.c.i.embedder.EclipseLogger - Using 'UTF-8' encoding to copy filtered resources.
2017-01-29 20:56:26,097 [Worker-22] INFO  o.e.m.c.i.embedder.EclipseLogger - skip non existing resourceDirectory C:\Users\pc\rt\Selenium\test\src\test\resources
2017-01-29 20:56:34,545 [Worker-23] INFO  o.e.m.c.i.p.ProjectConfigurationManager - Update started
2017-01-29 20:56:34,839 [Worker-23] INFO  o.e.m.c.i.l.LifecycleMappingFactory - Using org.eclipse.m2e.jdt.JarLifecycleMapping lifecycle mapping for MavenProject: test:test:0.0.1-SNAPSHOT @ C:\Users\pc\rt\Selenium\test\pom.xml.
2017-01-29 20:56:35,031 [Worker-23] INFO  o.e.m.j.i.AbstractJavaProjectConfigurator - Adding source folder /test/src/main/java
2017-01-29 20:56:35,032 [Worker-23] INFO  o.e.m.j.i.AbstractJavaProjectConfigurator - Adding source folder /test/src/test/java
2017-01-29 20:56:35,114 [Worker-23] INFO  o.e.m.c.i.p.ProjectConfigurationManager - Update completed: 0 sec
2017-01-29 20:56:35,345 [Worker-23] INFO  o.e.m.c.i.embedder.EclipseLogger - Using 'UTF-8' encoding to copy filtered resources.
2017-01-29 20:56:35,346 [Worker-23] INFO  o.e.m.c.i.embedder.EclipseLogger - skip non existing resourceDirectory C:\Users\pc\rt\Selenium\test\src\main\resources
2017-01-29 20:56:35,348 [Worker-23] INFO  o.e.m.c.i.embedder.EclipseLogger - Using 'UTF-8' encoding to copy filtered resources.
2017-01-29 20:56:35,349 [Worker-23] INFO  o.e.m.c.i.embedder.EclipseLogger - skip non existing resourceDirectory C:\Users\pc\rt\Selenium\test\src\test\resources
2017-01-29 20:59:02,051 [Worker-22] INFO  o.e.m.c.i.embedder.EclipseLogger - Using 'UTF-8' encoding to copy filtered resources.
2017-01-29 20:59:02,052 [Worker-22] INFO  o.e.m.c.i.embedder.EclipseLogger - skip non existing resourceDirectory C:\Users\pc\rt\Selenium\test\src\main\resources
2017-01-29 20:59:02,054 [Worker-22] INFO  o.e.m.c.i.embedder.EclipseLogger - Using 'UTF-8' encoding to copy filtered resources.
2017-01-29 20:59:02,054 [Worker-22] INFO  o.e.m.c.i.embedder.EclipseLogger - skip non existing resourceDirectory C:\Users\pc\rt\Selenium\test\src\test\resources
2017-01-29 21:04:06,686 [Worker-32] INFO  o.e.m.c.i.l.LifecycleMappingFactory - Using org.eclipse.m2e.jdt.JarLifecycleMapping lifecycle mapping for MavenProject: test:test:0.0.1-SNAPSHOT @ C:\Users\pc\rt\Selenium\firefoxwithversion3\pom.xml.
2017-01-29 21:04:06,852 [Worker-32] INFO  o.e.m.c.i.embedder.EclipseLogger - Using 'UTF-8' encoding to copy filtered resources.
2017-01-29 21:04:06,852 [Worker-32] INFO  o.e.m.c.i.embedder.EclipseLogger - skip non existing resourceDirectory C:\Users\pc\rt\Selenium\firefoxwithversion3\src\main\resources
2017-01-29 21:04:06,854 [Worker-32] INFO  o.e.m.c.i.embedder.EclipseLogger - Using 'UTF-8' encoding to copy filtered resources.
2017-01-29 21:04:06,854 [Worker-32] INFO  o.e.m.c.i.embedder.EclipseLogger - skip non existing resourceDirectory C:\Users\pc\rt\Selenium\firefoxwithversion3\src\test\resources
2017-01-29 21:04:08,149 [Worker-23] INFO  o.e.m.c.i.embedder.EclipseLogger - Using 'UTF-8' encoding to copy filtered resources.
2017-01-29 21:04:08,149 [Worker-23] INFO  o.e.m.c.i.embedder.EclipseLogger - skip non existing resourceDirectory C:\Users\pc\rt\Selenium\firefoxwithversion3\src\main\resources
2017-01-29 21:04:08,150 [Worker-23] INFO  o.e.m.c.i.embedder.EclipseLogger - Using 'UTF-8' encoding to copy filtered resources.
2017-01-29 21:04:08,150 [Worker-23] INFO  o.e.m.c.i.embedder.EclipseLogger - skip non existing resourceDirectory C:\Users\pc\rt\Selenium\firefoxwithversion3\src\test\resources
2017-01-29 21:04:40,106 [Worker-33] INFO  o.e.m.c.i.l.LifecycleMappingFactory - Using org.eclipse.m2e.jdt.JarLifecycleMapping lifecycle mapping for MavenProject: test:test:0.0.1-SNAPSHOT @ C:\Users\pc\rt\Selenium\firefoxwithversion3\pom.xml.
2017-01-29 21:04:40,228 [Worker-33] INFO  o.e.m.c.i.embedder.EclipseLogger - Using 'UTF-8' encoding to copy filtered resources.
2017-01-29 21:04:40,228 [Worker-33] INFO  o.e.m.c.i.embedder.EclipseLogger - skip non existing resourceDirectory C:\Users\pc\rt\Selenium\firefoxwithversion3\src\main\resources
2017-01-29 21:04:40,229 [Worker-33] INFO  o.e.m.c.i.embedder.EclipseLogger - Using 'UTF-8' encoding to copy filtered resources.
2017-01-29 21:04:40,229 [Worker-33] INFO  o.e.m.c.i.embedder.EclipseLogger - skip non existing resourceDirectory C:\Users\pc\rt\Selenium\firefoxwithversion3\src\test\resources
2017-01-29 21:08:32,677 [Worker-33] INFO  o.e.m.c.i.embedder.EclipseLogger - Using 'UTF-8' encoding to copy filtered resources.
2017-01-29 21:08:32,677 [Worker-33] INFO  o.e.m.c.i.embedder.EclipseLogger - skip non existing resourceDirectory C:\Users\pc\rt\Selenium\test\src\main\resources
2017-01-29 21:08:32,678 [Worker-33] INFO  o.e.m.c.i.embedder.EclipseLogger - Using 'UTF-8' encoding to copy filtered resources.
2017-01-29 21:08:32,679 [Worker-33] INFO  o.e.m.c.i.embedder.EclipseLogger - skip non existing resourceDirectory C:\Users\pc\rt\Selenium\test\src\test\resources
2017-02-02 12:25:30,958 [Worker-2] INFO  o.e.m.c.i.l.LifecycleMappingFactory - Using org.eclipse.m2e.jdt.JarLifecycleMapping lifecycle mapping for MavenProject: test:test:0.0.1-SNAPSHOT @ C:\Users\pc\rt\Selenium\firefoxwithversion3\pom.xml.
2017-02-02 12:25:31,725 [Worker-2] INFO  o.e.m.c.i.embedder.EclipseLogger - Using 'UTF-8' encoding to copy filtered resources.
2017-02-02 12:25:31,727 [Worker-2] INFO  o.e.m.c.i.embedder.EclipseLogger - skip non existing resourceDirectory C:\Users\pc\rt\Selenium\firefoxwithversion3\src\main\resources
2017-02-02 12:25:31,733 [Worker-2] INFO  o.e.m.c.i.embedder.EclipseLogger - Using 'UTF-8' encoding to copy filtered resources.
2017-02-02 12:25:31,733 [Worker-2] INFO  o.e.m.c.i.embedder.EclipseLogger - skip non existing resourceDirectory C:\Users\pc\rt\Selenium\firefoxwithversion3\src\test\resources
2017-02-02 12:25:33,747 [Worker-20] INFO  o.e.m.c.i.embedder.EclipseLogger - Using 'UTF-8' encoding to copy filtered resources.
2017-02-02 12:25:33,748 [Worker-20] INFO  o.e.m.c.i.embedder.EclipseLogger - skip non existing resourceDirectory C:\Users\pc\rt\Selenium\firefoxwithversion3\src\main\resources
2017-02-02 12:25:33,750 [Worker-20] INFO  o.e.m.c.i.embedder.EclipseLogger - Using 'UTF-8' encoding to copy filtered resources.
2017-02-02 12:25:33,750 [Worker-20] INFO  o.e.m.c.i.embedder.EclipseLogger - skip non existing resourceDirectory C:\Users\pc\rt\Selenium\firefoxwithversion3\src\test\resources
2017-02-02 12:26:08,663 [Worker-23] INFO  o.e.m.c.i.embedder.EclipseLogger - Using 'UTF-8' encoding to copy filtered resources.
2017-02-02 12:26:08,663 [Worker-23] INFO  o.e.m.c.i.embedder.EclipseLogger - skip non existing resourceDirectory C:\Users\pc\rt\Selenium\test\src\main\resources
2017-02-02 12:26:08,665 [Worker-23] INFO  o.e.m.c.i.embedder.EclipseLogger - Using 'UTF-8' encoding to copy filtered resources.
2017-02-02 12:26:08,665 [Worker-23] INFO  o.e.m.c.i.embedder.EclipseLogger - skip non existing resourceDirectory C:\Users\pc\rt\Selenium\test\src\test\resources
2017-02-02 12:27:09,323 [Worker-2] INFO  o.e.m.c.i.embedder.EclipseLogger - Using 'UTF-8' encoding to copy filtered resources.
2017-02-02 12:27:09,324 [Worker-2] INFO  o.e.m.c.i.embedder.EclipseLogger - skip non existing resourceDirectory C:\Users\pc\rt\Selenium\test\src\main\resources
2017-02-02 12:27:09,327 [Worker-2] INFO  o.e.m.c.i.embedder.EclipseLogger - Using 'UTF-8' encoding to copy filtered resources.
2017-02-02 12:27:09,328 [Worker-2] INFO  o.e.m.c.i.embedder.EclipseLogger - skip non existing resourceDirectory C:\Users\pc\rt\Selenium\test\src\test\resources
2017-02-02 12:33:05,840 [Worker-2] INFO  o.e.m.c.i.l.LifecycleMappingFactory - Using org.eclipse.m2e.jdt.JarLifecycleMapping lifecycle mapping for MavenProject: test:test:0.0.1-SNAPSHOT @ C:\Users\pc\rt\Selenium\firefoxwithversion3\pom.xml.
2017-02-02 12:33:05,985 [Worker-2] INFO  o.e.m.c.i.embedder.EclipseLogger - Using 'UTF-8' encoding to copy filtered resources.
2017-02-02 12:33:05,986 [Worker-2] INFO  o.e.m.c.i.embedder.EclipseLogger - skip non existing resourceDirectory C:\Users\pc\rt\Selenium\firefoxwithversion3\src\main\resources
2017-02-02 12:33:05,988 [Worker-2] INFO  o.e.m.c.i.embedder.EclipseLogger - Using 'UTF-8' encoding to copy filtered resources.
2017-02-02 12:33:05,988 [Worker-2] INFO  o.e.m.c.i.embedder.EclipseLogger - skip non existing resourceDirectory C:\Users\pc\rt\Selenium\firefoxwithversion3\src\test\resources
2017-02-02 12:33:07,349 [Worker-27] INFO  o.e.m.c.i.embedder.EclipseLogger - Using 'UTF-8' encoding to copy filtered resources.
2017-02-02 12:33:07,349 [Worker-27] INFO  o.e.m.c.i.embedder.EclipseLogger - skip non existing resourceDirectory C:\Users\pc\rt\Selenium\firefoxwithversion3\src\main\resources
2017-02-02 12:33:07,351 [Worker-27] INFO  o.e.m.c.i.embedder.EclipseLogger - Using 'UTF-8' encoding to copy filtered resources.
2017-02-02 12:33:07,351 [Worker-27] INFO  o.e.m.c.i.embedder.EclipseLogger - skip non existing resourceDirectory C:\Users\pc\rt\Selenium\firefoxwithversion3\src\test\resources
2017-02-02 12:33:20,271 [Worker-30] INFO  o.e.m.c.i.p.ProjectConfigurationManager - Update started
2017-02-02 12:33:20,647 [Worker-30] INFO  o.e.m.c.i.l.LifecycleMappingFactory - Using org.eclipse.m2e.jdt.JarLifecycleMapping lifecycle mapping for MavenProject: test:test:0.0.1-SNAPSHOT @ C:\Users\pc\rt\Selenium\firefoxwithversion3\pom.xml.
2017-02-02 12:33:20,763 [Worker-30] INFO  o.e.m.j.i.AbstractJavaProjectConfigurator - Adding source folder /firefoxwithversion3/src/main/java
2017-02-02 12:33:20,764 [Worker-30] INFO  o.e.m.j.i.AbstractJavaProjectConfigurator - Adding source folder /firefoxwithversion3/src/test/java
2017-02-02 12:33:20,912 [Worker-30] INFO  o.e.m.c.i.p.ProjectConfigurationManager - Update completed: 0 sec
2017-02-02 12:33:21,162 [Worker-31] INFO  o.e.m.c.i.embedder.EclipseLogger - Using 'UTF-8' encoding to copy filtered resources.
2017-02-02 12:33:21,163 [Worker-31] INFO  o.e.m.c.i.embedder.EclipseLogger - skip non existing resourceDirectory C:\Users\pc\rt\Selenium\firefoxwithversion3\src\main\resources
2017-02-02 12:33:21,164 [Worker-31] INFO  o.e.m.c.i.embedder.EclipseLogger - Using 'UTF-8' encoding to copy filtered resources.
2017-02-02 12:33:21,164 [Worker-31] INFO  o.e.m.c.i.embedder.EclipseLogger - skip non existing resourceDirectory C:\Users\pc\rt\Selenium\firefoxwithversion3\src\test\resources
2017-02-02 12:40:13,589 [Worker-33] INFO  o.e.m.c.i.l.LifecycleMappingFactory - Using org.eclipse.m2e.jdt.JarLifecycleMapping lifecycle mapping for MavenProject: test:test:0.0.1-SNAPSHOT @ C:\Users\pc\rt\Selenium\firefoxwithversion3\pom.xml.
2017-02-02 12:40:13,859 [Worker-33] INFO  o.e.m.c.i.embedder.EclipseLogger - Using 'UTF-8' encoding to copy filtered resources.
2017-02-02 12:40:13,891 [Worker-33] INFO  o.e.m.c.i.embedder.EclipseLogger - skip non existing resourceDirectory C:\Users\pc\rt\Selenium\firefoxwithversion3\src\main\resources
2017-02-02 12:40:13,895 [Worker-33] INFO  o.e.m.c.i.embedder.EclipseLogger - Using 'UTF-8' encoding to copy filtered resources.
2017-02-02 12:40:13,895 [Worker-33] INFO  o.e.m.c.i.embedder.EclipseLogger - skip non existing resourceDirectory C:\Users\pc\rt\Selenium\firefoxwithversion3\src\test\resources
2017-02-02 12:40:16,209 [Worker-31] INFO  o.e.m.c.i.embedder.EclipseLogger - Using 'UTF-8' encoding to copy filtered resources.
2017-02-02 12:40:16,209 [Worker-31] INFO  o.e.m.c.i.embedder.EclipseLogger - skip non existing resourceDirectory C:\Users\pc\rt\Selenium\firefoxwithversion3\src\main\resources
2017-02-02 12:40:16,211 [Worker-31] INFO  o.e.m.c.i.embedder.EclipseLogger - Using 'UTF-8' encoding to copy filtered resources.
2017-02-02 12:40:16,211 [Worker-31] INFO  o.e.m.c.i.embedder.EclipseLogger - skip non existing resourceDirectory C:\Users\pc\rt\Selenium\firefoxwithversion3\src\test\resources
2017-02-02 12:48:27,726 [Worker-37] INFO  o.e.m.c.i.l.LifecycleMappingFactory - Using org.eclipse.m2e.jdt.JarLifecycleMapping lifecycle mapping for MavenProject: test:test:0.0.1-SNAPSHOT @ C:\Users\pc\rt\Selenium\firefoxwithversion3\pom.xml.
2017-02-02 12:48:27,912 [Worker-37] INFO  o.e.m.c.i.embedder.EclipseLogger - Using 'UTF-8' encoding to copy filtered resources.
2017-02-02 12:48:27,912 [Worker-37] INFO  o.e.m.c.i.embedder.EclipseLogger - skip non existing resourceDirectory C:\Users\pc\rt\Selenium\firefoxwithversion3\src\main\resources
2017-02-02 12:48:27,914 [Worker-37] INFO  o.e.m.c.i.embedder.EclipseLogger - Using 'UTF-8' encoding to copy filtered resources.
2017-02-02 12:48:27,914 [Worker-37] INFO  o.e.m.c.i.embedder.EclipseLogger - skip non existing resourceDirectory C:\Users\pc\rt\Selenium\firefoxwithversion3\src\test\resources
2017-02-02 12:48:29,279 [Worker-34] INFO  o.e.m.c.i.embedder.EclipseLogger - Using 'UTF-8' encoding to copy filtered resources.
2017-02-02 12:48:29,279 [Worker-34] INFO  o.e.m.c.i.embedder.EclipseLogger - skip non existing resourceDirectory C:\Users\pc\rt\Selenium\firefoxwithversion3\src\main\resources
2017-02-02 12:48:29,280 [Worker-34] INFO  o.e.m.c.i.embedder.EclipseLogger - Using 'UTF-8' encoding to copy filtered resources.
2017-02-02 12:48:29,281 [Worker-34] INFO  o.e.m.c.i.embedder.EclipseLogger - skip non existing resourceDirectory C:\Users\pc\rt\Selenium\firefoxwithversion3\src\test\resources
2017-02-02 12:48:50,429 [Worker-36] INFO  o.e.m.c.i.p.ProjectConfigurationManager - Update started
2017-02-02 12:48:50,735 [Worker-36] INFO  o.e.m.c.i.l.LifecycleMappingFactory - Using org.eclipse.m2e.jdt.JarLifecycleMapping lifecycle mapping for MavenProject: test:test:0.0.1-SNAPSHOT @ C:\Users\pc\rt\Selenium\firefoxwithversion3\pom.xml.
2017-02-02 12:48:50,915 [Worker-36] INFO  o.e.m.j.i.AbstractJavaProjectConfigurator - Adding source folder /firefoxwithversion3/src/main/java
2017-02-02 12:48:50,916 [Worker-36] INFO  o.e.m.j.i.AbstractJavaProjectConfigurator - Adding source folder /firefoxwithversion3/src/test/java
2017-02-02 12:48:51,004 [Worker-36] INFO  o.e.m.c.i.p.ProjectConfigurationManager - Update completed: 0 sec
2017-02-02 12:48:51,224 [Worker-36] INFO  o.e.m.c.i.embedder.EclipseLogger - Using 'UTF-8' encoding to copy filtered resources.
2017-02-02 12:48:51,224 [Worker-36] INFO  o.e.m.c.i.embedder.EclipseLogger - skip non existing resourceDirectory C:\Users\pc\rt\Selenium\firefoxwithversion3\src\main\resources
2017-02-02 12:48:51,226 [Worker-36] INFO  o.e.m.c.i.embedder.EclipseLogger - Using 'UTF-8' encoding to copy filtered resources.
2017-02-02 12:48:51,226 [Worker-36] INFO  o.e.m.c.i.embedder.EclipseLogger - skip non existing resourceDirectory C:\Users\pc\rt\Selenium\firefoxwithversion3\src\test\resources
2017-02-02 12:50:35,582 [Worker-37] INFO  o.e.m.c.i.l.LifecycleMappingFactory - Using org.eclipse.m2e.jdt.JarLifecycleMapping lifecycle mapping for MavenProject: test:test:0.0.1-SNAPSHOT @ C:\Users\pc\rt\Selenium\firefoxwithversion3\pom.xml.
2017-02-02 12:50:35,731 [Worker-37] INFO  o.e.m.c.i.embedder.EclipseLogger - Using 'UTF-8' encoding to copy filtered resources.
2017-02-02 12:50:35,732 [Worker-37] INFO  o.e.m.c.i.embedder.EclipseLogger - skip non existing resourceDirectory C:\Users\pc\rt\Selenium\firefoxwithversion3\src\main\resources
2017-02-02 12:50:35,733 [Worker-37] INFO  o.e.m.c.i.embedder.EclipseLogger - Using 'UTF-8' encoding to copy filtered resources.
2017-02-02 12:50:35,733 [Worker-37] INFO  o.e.m.c.i.embedder.EclipseLogger - skip non existing resourceDirectory C:\Users\pc\rt\Selenium\firefoxwithversion3\src\test\resources
2017-02-02 12:50:37,162 [Worker-36] INFO  o.e.m.c.i.embedder.EclipseLogger - Using 'UTF-8' encoding to copy filtered resources.
2017-02-02 12:50:37,163 [Worker-36] INFO  o.e.m.c.i.embedder.EclipseLogger - skip non existing resourceDirectory C:\Users\pc\rt\Selenium\firefoxwithversion3\src\main\resources
2017-02-02 12:50:37,165 [Worker-36] INFO  o.e.m.c.i.embedder.EclipseLogger - Using 'UTF-8' encoding to copy filtered resources.
2017-02-02 12:50:37,165 [Worker-36] INFO  o.e.m.c.i.embedder.EclipseLogger - skip non existing resourceDirectory C:\Users\pc\rt\Selenium\firefoxwithversion3\src\test\resources
2017-02-06 11:34:29,817 [Worker-21] INFO  o.e.m.c.i.embedder.EclipseLogger - Using 'UTF-8' encoding to copy filtered resources.
2017-02-06 11:34:29,822 [Worker-21] INFO  o.e.m.c.i.embedder.EclipseLogger - skip non existing resourceDirectory C:\Users\pc\rt\Selenium\firefoxwithversion3\src\main\resources
2017-02-06 11:34:29,824 [Worker-21] INFO  o.e.m.c.i.embedder.EclipseLogger - Using 'UTF-8' encoding to copy filtered resources.
2017-02-06 11:34:29,824 [Worker-21] INFO  o.e.m.c.i.embedder.EclipseLogger - skip non existing resourceDirectory C:\Users\pc\rt\Selenium\firefoxwithversion3\src\test\resources
2017-02-06 14:31:11,407 [Worker-71] INFO  o.e.m.c.i.embedder.EclipseLogger - Using 'UTF-8' encoding to copy filtered resources.
2017-02-06 14:31:11,408 [Worker-71] INFO  o.e.m.c.i.embedder.EclipseLogger - skip non existing resourceDirectory C:\Users\pc\rt\Selenium\firefoxwithversion3\src\main\resources
2017-02-06 14:31:11,413 [Worker-71] INFO  o.e.m.c.i.embedder.EclipseLogger - Using 'UTF-8' encoding to copy filtered resources.
2017-02-06 14:31:11,414 [Worker-71] INFO  o.e.m.c.i.embedder.EclipseLogger - skip non existing resourceDirectory C:\Users\pc\rt\Selenium\firefoxwithversion3\src\test\resources
